\BOOKMARK [1][]{section.1}{Introduction}{}% 1
\BOOKMARK [1][]{section.2}{Threat\040Models}{}% 2
\BOOKMARK [2][]{subsection.2.1}{Attack\040in\040Training\040Phase\040&\040Attack\040in\040Inference\040Phase}{section.2}% 3
\BOOKMARK [2][]{subsection.2.2}{Untargeted\040Attack\040&\040Targeted\040Attack}{section.2}% 4
\BOOKMARK [1][]{section.3}{Backdoor\040Attack}{}% 5
\BOOKMARK [2][]{subsection.3.1}{Data\040Poisoning\040Attack}{section.3}% 6
\BOOKMARK [2][]{subsection.3.2}{Model\040Poisoning\040Attack}{section.3}% 7
\BOOKMARK [2][]{subsection.3.3}{Summary\040Of\040Federated\040Backdoor\040Attack}{section.3}% 8
\BOOKMARK [1][]{section.4}{Defenses\040against\040Backdoor\040Attack}{}% 9
\BOOKMARK [2][]{subsection.4.1}{Defense\040against\040Data\040Poisoning}{section.4}% 10
\BOOKMARK [2][]{subsection.4.2}{Defense\040Against\040Model\040Poisoning}{section.4}% 11
\BOOKMARK [1][]{section.5}{Byzantine\040Attack}{}% 12
\BOOKMARK [2][]{subsection.5.1}{Sybil\040Attack}{section.5}% 13
\BOOKMARK [2][]{subsection.5.2}{Transmission\040Process\040Attack}{section.5}% 14
\BOOKMARK [2][]{subsection.5.3}{Model\040Aggregation\040Attack}{section.5}% 15
\BOOKMARK [1][]{section.6}{Defenses\040Against\040Byzantine\040Attack}{}% 16
\BOOKMARK [2][]{subsection.6.1}{Defenses\040against\040Sybil\040Attack}{section.6}% 17
\BOOKMARK [2][]{subsection.6.2}{Defense\040Against\040Transmission\040Process\040Attack}{section.6}% 18
\BOOKMARK [2][]{subsection.6.3}{Defense\040Against\040Model\040Aggregation\040Attack}{section.6}% 19
\BOOKMARK [1][]{section.7}{Adversarial\040Attack}{}% 20
\BOOKMARK [1][]{section.8}{Defenses\040against\040Adversarial\040Attack}{}% 21
\BOOKMARK [2][]{subsection.8.1}{Heterogeneous\040Clients\040Caused\040by\040Distribution}{section.8}% 22
\BOOKMARK [2][]{subsection.8.2}{Certified\040Guarantees}{section.8}% 23
\BOOKMARK [2][]{subsection.8.3}{Privacy\040Leakage}{section.8}% 24
\BOOKMARK [2][]{subsection.8.4}{Slow\040Convergence\040Rate}{section.8}% 25
\BOOKMARK [1][]{section.9}{Advanced\040Research\040and\040Problems}{}% 26
\BOOKMARK [2][]{subsection.9.1}{Stealthiness}{section.9}% 27
\BOOKMARK [2][]{subsection.9.2}{Trade-Off}{section.9}% 28
\BOOKMARK [2][]{subsection.9.3}{Convergence}{section.9}% 29
\BOOKMARK [1][]{section.10}{Conclusion}{}% 30
