\BOOKMARK [1][-]{section.1}{. Introduction}{}% 1
\BOOKMARK [1][-]{section.2}{. Threat Models}{}% 2
\BOOKMARK [2][-]{subsection.2.1}{. Training Phase and Inference Phase}{section.2}% 3
\BOOKMARK [2][-]{subsection.2.2}{. Untargeted and Targeted}{section.2}% 4
\BOOKMARK [1][-]{section.3}{. Backdoor Attack}{}% 5
\BOOKMARK [2][-]{subsection.3.1}{. Data Poisoning Attack}{section.3}% 6
\BOOKMARK [2][-]{subsection.3.2}{. Model Poisoning Attack}{section.3}% 7
\BOOKMARK [2][-]{subsection.3.3}{. Summary Of Federated Backdoor Attack}{section.3}% 8
\BOOKMARK [1][-]{section.4}{. Defenses against Backdoor Attack}{}% 9
\BOOKMARK [2][-]{subsection.4.1}{. Defense against Data Poisoning}{section.4}% 10
\BOOKMARK [2][-]{subsection.4.2}{. Defense Against Model Poisoning}{section.4}% 11
\BOOKMARK [1][-]{section.5}{. Byzantine Attack}{}% 12
\BOOKMARK [2][-]{subsection.5.1}{. Sybil Attack}{section.5}% 13
\BOOKMARK [2][-]{subsection.5.2}{. Transmission Process Attack}{section.5}% 14
\BOOKMARK [2][-]{subsection.5.3}{. Model Aggregation Attack}{section.5}% 15
\BOOKMARK [1][-]{section.6}{. Defenses Against Byzantine Attack}{}% 16
\BOOKMARK [2][-]{subsection.6.1}{. Defenses against Sybil Attack}{section.6}% 17
\BOOKMARK [2][-]{subsection.6.2}{. Defense Against Transmission Process Attack}{section.6}% 18
\BOOKMARK [2][-]{subsection.6.3}{. Defense Against Model Aggregation Attack}{section.6}% 19
\BOOKMARK [1][-]{section.7}{. Adversarial Attack}{}% 20
\BOOKMARK [1][-]{section.8}{. Defenses against Adversarial Attack}{}% 21
\BOOKMARK [1][-]{section.9}{. Heterogeneous Clients Caused by Distribution}{}% 22
\BOOKMARK [2][-]{subsection.9.1}{. Certified Guarantees}{section.9}% 23
\BOOKMARK [2][-]{subsection.9.2}{. Privacy Leakage}{section.9}% 24
\BOOKMARK [2][-]{subsection.9.3}{. Slow Convergence Rate}{section.9}% 25
\BOOKMARK [1][-]{section.10}{. Advanced Research and Problems}{}% 26
\BOOKMARK [2][-]{subsection.10.1}{. Stealthiness}{section.10}% 27
\BOOKMARK [2][-]{subsection.10.2}{. Trade-Off}{section.10}% 28
\BOOKMARK [2][-]{subsection.10.3}{. Convergence}{section.10}% 29
\BOOKMARK [1][-]{section.11}{. Conclusion}{}% 30
