This is pdfTeX, Version 3.14159265-2.6-1.40.20 (TeX Live 2019/Debian) (preloaded format=pdflatex 2024.3.19)  9 SEP 2024 19:23
entering extended mode
 restricted \write18 enabled.
 file:line:error style messages enabled.
 %&-line parsing enabled.
**/media/yunhao/DATA/Project/FederatedLearningSurvey/ReviceFYH/sn-article.tex
(/media/yunhao/DATA/Project/FederatedLearningSurvey/ReviceFYH/sn-article.tex
LaTeX2e <2020-02-02> patch level 2
L3 programming layer <2020-02-14> (/media/yunhao/DATA/Project/FederatedLearningSurvey/ReviceFYH/sn-jnl.cls
Document Class: sn-jnl 2019/11/18 v0.1: An authoring template for Springer Journal articles
(/usr/share/texlive/texmf-dist/tex/latex/base/article.cls
Document Class: article 2019/12/20 v1.4l Standard LaTeX document class
(/usr/share/texlive/texmf-dist/tex/latex/base/fleqn.clo
File: fleqn.clo 2016/12/29 v1.2b Standard LaTeX option (flush left equations)
\mathindent=\dimen134
Applying: [2015/01/01] Make \[ robust on input line 50.
LaTeX Info: Redefining \[ on input line 51.
Already applied: [0000/00/00] Make \[ robust on input line 62.
Applying: [2015/01/01] Make \] robust on input line 74.
LaTeX Info: Redefining \] on input line 75.
Already applied: [0000/00/00] Make \] robust on input line 83.
) (/usr/share/texlive/texmf-dist/tex/latex/base/size10.clo
File: size10.clo 2019/12/20 v1.4l Standard LaTeX file (size option)
)
\c@part=\count167
\c@section=\count168
\c@subsection=\count169
\c@subsubsection=\count170
\c@paragraph=\count171
\c@subparagraph=\count172
\c@figure=\count173
\c@table=\count174
\abovecaptionskip=\skip47
\belowcaptionskip=\skip48
\bibindent=\dimen135
)
LaTeX Info: Redefining \rm on input line 145.
LaTeX Info: Redefining \sf on input line 146.
LaTeX Info: Redefining \tt on input line 147.
LaTeX Info: Redefining \bf on input line 148.
LaTeX Info: Redefining \it on input line 149.
LaTeX Info: Redefining \sl on input line 150.
LaTeX Info: Redefining \sc on input line 151.
LaTeX Info: Redefining \cal on input line 152.
LaTeX Info: Redefining \mit on input line 153.
LaTeX Info: Redefining \textsubscript on input line 211.
\columnhsize=\skip49
 (/usr/share/texlive/texmf-dist/tex/latex/geometry/geometry.sty
Package: geometry 2020/01/02 v5.9 Page Geometry
 (/usr/share/texlive/texmf-dist/tex/latex/graphics/keyval.sty
Package: keyval 2014/10/28 v1.15 key=value parser (DPC)
\KV@toks@=\toks14
) (/usr/share/texlive/texmf-dist/tex/generic/iftex/ifvtex.sty
Package: ifvtex 2019/10/25 v1.7 ifvtex legacy package. Use iftex instead.
 (/usr/share/texlive/texmf-dist/tex/generic/iftex/iftex.sty
Package: iftex 2019/11/07 v1.0c TeX engine tests
))
\Gm@cnth=\count175
\Gm@cntv=\count176
\c@Gm@tempcnt=\count177
\Gm@bindingoffset=\dimen136
\Gm@wd@mp=\dimen137
\Gm@odd@mp=\dimen138
\Gm@even@mp=\dimen139
\Gm@layoutwidth=\dimen140
\Gm@layoutheight=\dimen141
\Gm@layouthoffset=\dimen142
\Gm@layoutvoffset=\dimen143
\Gm@dimlist=\toks15
)
\artcatbox=\box45
\aucount=\count178
\corraucount=\count179
\punctcount=\count180
\emailcnt=\count181
\c@affn=\count182
\addcount=\count183
\PacsCount=\count184
\PacsTmpCnt=\count185
\FMremarkdim=\dimen144
\fmremarkbox=\box46
 (/usr/share/texlive/texmf-dist/tex/latex/sttools/cuted.sty
Package: cuted 2012/10/04 v1.5 Mixing onecolumn and twocolumn modes
\At@ViperColsBreak=\toks16
\v@aaa=\box47
\v@ccc=\box48
\lastskip@a=\skip50
\lastskip@b=\skip51
\lastskip@d=\skip52
\lastbox@a=\box49
\stripsep=\skip53
\@viper=\box50
\viper@penalty=\count186
\hold@viper=\box51
\ht@viper=\dimen145
)
\firstpagehtcheck=\dimen146
\labelwidthi=\dimen147
\labelwidthii=\dimen148
\labelwidthiii=\dimen149
\labelwidthiv=\dimen150
\figwidth=\dimen151
\figheight=\dimen152
\sidecapwidth=\dimen153
\wrapcapline=\dimen154
\totalwrapline=\dimen155
\wraptotline=\dimen156
\figurebox=\box52
\wrapfigcapbox=\box53
\figcapbox=\box54
\capbox=\box55
\headwidthskip=\skip54
\tabcapbox=\box56
\temptbox=\box57
\tempdime=\dimen157
\tabhtdime=\dimen158
 (/usr/share/texlive/texmf-dist/tex/latex/graphics/rotating.sty
Package: rotating 2016/08/11 v2.16d rotated objects in LaTeX
 (/usr/share/texlive/texmf-dist/tex/latex/graphics/graphicx.sty
Package: graphicx 2019/11/30 v1.2a Enhanced LaTeX Graphics (DPC,SPQR)
 (/usr/share/texlive/texmf-dist/tex/latex/graphics/graphics.sty
Package: graphics 2019/11/30 v1.4a Standard LaTeX Graphics (DPC,SPQR)
 (/usr/share/texlive/texmf-dist/tex/latex/graphics/trig.sty
Package: trig 2016/01/03 v1.10 sin cos tan (DPC)
) (/usr/share/texlive/texmf-dist/tex/latex/graphics-cfg/graphics.cfg
File: graphics.cfg 2016/06/04 v1.11 sample graphics configuration
)
Package graphics Info: Driver file: pdftex.def on input line 105.
 (/usr/share/texlive/texmf-dist/tex/latex/graphics-def/pdftex.def
File: pdftex.def 2018/01/08 v1.0l Graphics/color driver for pdftex
))
\Gin@req@height=\dimen159
\Gin@req@width=\dimen160
) (/usr/share/texlive/texmf-dist/tex/latex/base/ifthen.sty
Package: ifthen 2014/09/29 v1.1c Standard LaTeX ifthen package (DPC)
)
\c@r@tfl@t=\count187
\rotFPtop=\skip55
\rotFPbot=\skip56
\rot@float@box=\box58
\rot@mess@toks=\toks17
) (/usr/share/texlive/texmf-dist/tex/latex/threeparttable/threeparttable.sty
Package: threeparttable 2003/06/13  v 3.0
\@tempboxb=\box59
) (/usr/share/texlive/texmf-dist/tex/latex/appendix/appendix.sty
Package: appendix 2020/02/08 v1.2c extra appendix facilities
\c@@pps=\count188
\c@@ppsavesec=\count189
\c@@ppsaveapp=\count190
) (/usr/share/texlive/texmf-dist/tex/latex/hyperref/hyperref.sty
Package: hyperref 2020/01/14 v7.00d Hypertext links for LaTeX
 (/usr/share/texlive/texmf-dist/tex/generic/ltxcmds/ltxcmds.sty
Package: ltxcmds 2019/12/15 v1.24 LaTeX kernel commands for general use (HO)
) (/usr/share/texlive/texmf-dist/tex/latex/pdftexcmds/pdftexcmds.sty
Package: pdftexcmds 2019/11/24 v0.31 Utility functions of pdfTeX for LuaTeX (HO)
 (/usr/share/texlive/texmf-dist/tex/generic/infwarerr/infwarerr.sty
Package: infwarerr 2019/12/03 v1.5 Providing info/warning/error messages (HO)
)
Package pdftexcmds Info: \pdf@primitive is available.
Package pdftexcmds Info: \pdf@ifprimitive is available.
Package pdftexcmds Info: \pdfdraftmode found.
) (/usr/share/texlive/texmf-dist/tex/generic/kvsetkeys/kvsetkeys.sty
Package: kvsetkeys 2019/12/15 v1.18 Key value parser (HO)
) (/usr/share/texlive/texmf-dist/tex/generic/kvdefinekeys/kvdefinekeys.sty
Package: kvdefinekeys 2019-12-19 v1.6 Define keys (HO)
) (/usr/share/texlive/texmf-dist/tex/generic/pdfescape/pdfescape.sty
Package: pdfescape 2019/12/09 v1.15 Implements pdfTeX's escape features (HO)
) (/usr/share/texlive/texmf-dist/tex/latex/hycolor/hycolor.sty
Package: hycolor 2020-01-27 v1.10 Color options for hyperref/bookmark (HO)
) (/usr/share/texlive/texmf-dist/tex/latex/letltxmacro/letltxmacro.sty
Package: letltxmacro 2019/12/03 v1.6 Let assignment for LaTeX macros (HO)
) (/usr/share/texlive/texmf-dist/tex/latex/auxhook/auxhook.sty
Package: auxhook 2019-12-17 v1.6 Hooks for auxiliary files (HO)
) (/usr/share/texlive/texmf-dist/tex/latex/kvoptions/kvoptions.sty
Package: kvoptions 2019/11/29 v3.13 Key value format for package options (HO)
)
\@linkdim=\dimen161
\Hy@linkcounter=\count191
\Hy@pagecounter=\count192
 (/usr/share/texlive/texmf-dist/tex/latex/hyperref/pd1enc.def
File: pd1enc.def 2020/01/14 v7.00d Hyperref: PDFDocEncoding definition (HO)
Now handling font encoding PD1 ...
... no UTF-8 mapping file for font encoding PD1
) (/usr/share/texlive/texmf-dist/tex/generic/intcalc/intcalc.sty
Package: intcalc 2019/12/15 v1.3 Expandable calculations with integers (HO)
) (/usr/share/texlive/texmf-dist/tex/generic/etexcmds/etexcmds.sty
Package: etexcmds 2019/12/15 v1.7 Avoid name clashes with e-TeX commands (HO)
)
\Hy@SavedSpaceFactor=\count193
\pdfmajorversion=\count194
Package hyperref Info: Hyper figures OFF on input line 4547.
Package hyperref Info: Link nesting OFF on input line 4552.
Package hyperref Info: Hyper index ON on input line 4555.
Package hyperref Info: Plain pages OFF on input line 4562.
Package hyperref Info: Backreferencing OFF on input line 4567.
Package hyperref Info: Implicit mode ON; LaTeX internals redefined.
Package hyperref Info: Bookmarks ON on input line 4800.
\c@Hy@tempcnt=\count195
 (/usr/share/texlive/texmf-dist/tex/latex/url/url.sty
\Urlmuskip=\muskip16
Package: url 2013/09/16  ver 3.4  Verb mode for urls, etc.
)
LaTeX Info: Redefining \url on input line 5159.
\XeTeXLinkMargin=\dimen162
 (/usr/share/texlive/texmf-dist/tex/generic/bitset/bitset.sty
Package: bitset 2019/12/09 v1.3 Handle bit-vector datatype (HO)
 (/usr/share/texlive/texmf-dist/tex/generic/bigintcalc/bigintcalc.sty
Package: bigintcalc 2019/12/15 v1.5 Expandable calculations on big integers (HO)
))
\Fld@menulength=\count196
\Field@Width=\dimen163
\Fld@charsize=\dimen164
Package hyperref Info: Hyper figures OFF on input line 6430.
Package hyperref Info: Link nesting OFF on input line 6435.
Package hyperref Info: Hyper index ON on input line 6438.
Package hyperref Info: backreferencing OFF on input line 6445.
Package hyperref Info: Link coloring OFF on input line 6450.
Package hyperref Info: Link coloring with OCG OFF on input line 6455.
Package hyperref Info: PDF/A mode OFF on input line 6460.
LaTeX Info: Redefining \ref on input line 6500.
LaTeX Info: Redefining \pageref on input line 6504.
 (/usr/share/texlive/texmf-dist/tex/generic/atbegshi/atbegshi.sty
Package: atbegshi 2019/12/05 v1.19 At begin shipout hook (HO)
)
\Hy@abspage=\count197
\c@Item=\count198
\c@Hfootnote=\count199
)
Package hyperref Info: Driver (autodetected): hpdftex.
 (/usr/share/texlive/texmf-dist/tex/latex/hyperref/hpdftex.def
File: hpdftex.def 2020/01/14 v7.00d Hyperref driver for pdfTeX
 (/usr/share/texlive/texmf-dist/tex/latex/atveryend/atveryend.sty
Package: atveryend 2019-12-11 v1.11 Hooks at the very end of document (HO)
Package atveryend Info: \enddocument detected (standard20110627).
)
\Fld@listcount=\count266
\c@bookmark@seq@number=\count267
 (/usr/share/texlive/texmf-dist/tex/latex/rerunfilecheck/rerunfilecheck.sty
Package: rerunfilecheck 2019/12/05 v1.9 Rerun checks for auxiliary files (HO)
 (/usr/share/texlive/texmf-dist/tex/generic/uniquecounter/uniquecounter.sty
Package: uniquecounter 2019/12/15 v1.4 Provide unlimited unique counter (HO)
)
Package uniquecounter Info: New unique counter `rerunfilecheck' on input line 286.
)
\Hy@SectionHShift=\skip57
)
Package hyperref Info: Option `colorlinks' set `true' on input line 1468.
Package hyperref Info: Option `breaklinks' set `true' on input line 1468.
Package hyperref Info: Option `plainpages' set `false' on input line 1468.
Package hyperref Info: Option `bookmarksopen' set `true' on input line 1468.
Package hyperref Info: Option `bookmarksnumbered' set `false' on input line 1468.
 (/usr/share/texlive/texmf-dist/tex/latex/wrapfig/wrapfig.sty
\wrapoverhang=\dimen165
\WF@size=\dimen166
\c@WF@wrappedlines=\count268
\WF@box=\box60
\WF@everypar=\toks18
Package: wrapfig 2003/01/31  v 3.6
)
\wraplines=\count269
\@authorfigbox=\box61
\@authorfigboxdim=\skip58
\biofigadjskip=\skip59
 (/usr/share/texlive/texmf-dist/tex/latex/natbib/natbib.sty
Package: natbib 2010/09/13 8.31b (PWD, AO)
\bibhang=\skip60
\bibsep=\skip61
LaTeX Info: Redefining \cite on input line 694.
\c@NAT@ctr=\count270
)) (/usr/share/texlive/texmf-dist/tex/latex/multirow/multirow.sty
Package: multirow 2019/05/31 v2.5 Span multiple rows of a table
\multirow@colwidth=\skip62
\multirow@cntb=\count271
\multirow@dima=\skip63
\bigstrutjot=\dimen167
) (/usr/share/texlive/texmf-dist/tex/latex/amsmath/amsmath.sty
Package: amsmath 2020/01/20 v2.17e AMS math features
\@mathmargin=\skip64

For additional information on amsmath, use the `?' option.
(/usr/share/texlive/texmf-dist/tex/latex/amsmath/amstext.sty
Package: amstext 2000/06/29 v2.01 AMS text
 (/usr/share/texlive/texmf-dist/tex/latex/amsmath/amsgen.sty
File: amsgen.sty 1999/11/30 v2.0 generic functions
\@emptytoks=\toks19
\ex@=\dimen168
)) (/usr/share/texlive/texmf-dist/tex/latex/amsmath/amsbsy.sty
Package: amsbsy 1999/11/29 v1.2d Bold Symbols
\pmbraise@=\dimen169
) (/usr/share/texlive/texmf-dist/tex/latex/amsmath/amsopn.sty
Package: amsopn 2016/03/08 v2.02 operator names
)
\inf@bad=\count272
LaTeX Info: Redefining \frac on input line 227.
\uproot@=\count273
\leftroot@=\count274
LaTeX Info: Redefining \overline on input line 389.
\classnum@=\count275
\DOTSCASE@=\count276
LaTeX Info: Redefining \ldots on input line 486.
LaTeX Info: Redefining \dots on input line 489.
LaTeX Info: Redefining \cdots on input line 610.
\Mathstrutbox@=\box62
\strutbox@=\box63
\big@size=\dimen170
LaTeX Font Info:    Redeclaring font encoding OML on input line 733.
LaTeX Font Info:    Redeclaring font encoding OMS on input line 734.
\macc@depth=\count277
\c@MaxMatrixCols=\count278
\dotsspace@=\muskip17
\c@parentequation=\count279
\dspbrk@lvl=\count280
\tag@help=\toks20
\row@=\count281
\column@=\count282
\maxfields@=\count283
\andhelp@=\toks21
\eqnshift@=\dimen171
\alignsep@=\dimen172
\tagshift@=\dimen173
\tagwidth@=\dimen174
\totwidth@=\dimen175
\lineht@=\dimen176
\@envbody=\toks22
\multlinegap=\skip65
\multlinetaggap=\skip66
\mathdisplay@stack=\toks23
LaTeX Info: Redefining \[ on input line 2859.
LaTeX Info: Redefining \] on input line 2860.
) (/usr/share/texlive/texmf-dist/tex/latex/amsfonts/amssymb.sty
Package: amssymb 2013/01/14 v3.01 AMS font symbols
 (/usr/share/texlive/texmf-dist/tex/latex/amsfonts/amsfonts.sty
Package: amsfonts 2013/01/14 v3.01 Basic AMSFonts support
\symAMSa=\mathgroup4
\symAMSb=\mathgroup5
LaTeX Font Info:    Redeclaring math symbol \hbar on input line 98.
LaTeX Font Info:    Overwriting math alphabet `\mathfrak' in version `bold'
(Font)                  U/euf/m/n --> U/euf/b/n on input line 106.
)) (/usr/share/texlive/texmf-dist/tex/latex/amscls/amsthm.sty
Package: amsthm 2017/10/31 v2.20.4
\thm@style=\toks24
\thm@bodyfont=\toks25
\thm@headfont=\toks26
\thm@notefont=\toks27
\thm@headpunct=\toks28
\thm@preskip=\skip67
\thm@postskip=\skip68
\thm@headsep=\skip69
\dth@everypar=\toks29
) (/usr/share/texlive/texmf-dist/tex/latex/jknapltx/mathrsfs.sty
Package: mathrsfs 1996/01/01 Math RSFS package v1.0 (jk)
\symrsfs=\mathgroup6
) (/usr/share/texlive/texmf-dist/tex/latex/xcolor/xcolor.sty
Package: xcolor 2016/05/11 v2.12 LaTeX color extensions (UK)
 (/usr/share/texlive/texmf-dist/tex/latex/graphics-cfg/color.cfg
File: color.cfg 2016/01/02 v1.6 sample color configuration
)
Package xcolor Info: Driver file: pdftex.def on input line 225.
Package xcolor Info: Model `cmy' substituted by `cmy0' on input line 1348.
Package xcolor Info: Model `hsb' substituted by `rgb' on input line 1352.
Package xcolor Info: Model `RGB' extended on input line 1364.
Package xcolor Info: Model `HTML' substituted by `rgb' on input line 1366.
Package xcolor Info: Model `Hsb' substituted by `hsb' on input line 1367.
Package xcolor Info: Model `tHsb' substituted by `hsb' on input line 1368.
Package xcolor Info: Model `HSB' substituted by `hsb' on input line 1369.
Package xcolor Info: Model `Gray' substituted by `gray' on input line 1370.
Package xcolor Info: Model `wave' substituted by `hsb' on input line 1371.
) (/usr/share/texlive/texmf-dist/tex/latex/base/textcomp.sty
Package: textcomp 2020/02/02 v2.0n Standard LaTeX package
) (/usr/share/texlive/texmf-dist/tex/latex/ncctools/manyfoot.sty
Package: manyfoot 2019/08/03 v1.11 Many Footnote Levels Package (NCC)
 (/usr/share/texlive/texmf-dist/tex/latex/ncctools/nccfoots.sty
Package: nccfoots 2005/02/03 v1.2 NCC Footnotes Package (NCC)
)
\MFL@columnwidth=\dimen177
) (/usr/share/texlive/texmf-dist/tex/latex/booktabs/booktabs.sty
Package: booktabs 2020/01/12 v1.61803398 Publication quality tables
\heavyrulewidth=\dimen178
\lightrulewidth=\dimen179
\cmidrulewidth=\dimen180
\belowrulesep=\dimen181
\belowbottomsep=\dimen182
\aboverulesep=\dimen183
\abovetopsep=\dimen184
\cmidrulesep=\dimen185
\cmidrulekern=\dimen186
\defaultaddspace=\dimen187
\@cmidla=\count284
\@cmidlb=\count285
\@aboverulesep=\dimen188
\@belowrulesep=\dimen189
\@thisruleclass=\count286
\@lastruleclass=\count287
\@thisrulewidth=\dimen190
) (/usr/share/texlive/texmf-dist/tex/latex/algorithms/algorithm.sty
Package: algorithm 2009/08/24 v0.1 Document Style `algorithm' - floating environment
 (/usr/share/texlive/texmf-dist/tex/latex/float/float.sty
Package: float 2001/11/08 v1.3d Float enhancements (AL)
\c@float@type=\count288
\float@exts=\toks30
\float@box=\box64
\@float@everytoks=\toks31
\@floatcapt=\box65
)
\@float@every@algorithm=\toks32
\c@algorithm=\count289
) (/usr/share/texlive/texmf-dist/tex/latex/algorithmicx/algorithmicx.sty
Package: algorithmicx 2005/04/27 v1.2 Algorithmicx

Document Style algorithmicx 1.2 - a greatly improved `algorithmic' style
\c@ALG@line=\count290
\c@ALG@rem=\count291
\c@ALG@nested=\count292
\ALG@tlm=\skip70
\ALG@thistlm=\skip71
\c@ALG@Lnr=\count293
\c@ALG@blocknr=\count294
\c@ALG@storecount=\count295
\c@ALG@tmpcounter=\count296
\ALG@tmplength=\skip72
) (/usr/share/texlive/texmf-dist/tex/latex/algorithmicx/algpseudocode.sty
Package: algpseudocode 

Document Style - pseudocode environments for use with the `algorithmicx' style
) (/usr/share/texlive/texmf-dist/tex/latex/listings/listings.sty
\lst@mode=\count297
\lst@gtempboxa=\box66
\lst@token=\toks33
\lst@length=\count298
\lst@currlwidth=\dimen191
\lst@column=\count299
\lst@pos=\count300
\lst@lostspace=\dimen192
\lst@width=\dimen193
\lst@newlines=\count301
\lst@lineno=\count302
\lst@maxwidth=\dimen194
 (/usr/share/texlive/texmf-dist/tex/latex/listings/lstmisc.sty
File: lstmisc.sty 2019/09/10 1.8c (Carsten Heinz)
\c@lstnumber=\count303
\lst@skipnumbers=\count304
\lst@framebox=\box67
) (/usr/share/texlive/texmf-dist/tex/latex/listings/listings.cfg
File: listings.cfg 2019/09/10 1.8c listings configuration
))
Package: listings 2019/09/10 1.8c (Carsten Heinz)
 (/usr/share/texlive/texmf-dist/tex/latex/makecell/makecell.sty
Package: makecell 2009/08/03 V0.1e Managing of Tab Column Heads and Cells
 (/usr/share/texlive/texmf-dist/tex/latex/tools/array.sty
Package: array 2019/08/31 v2.4l Tabular extension package (FMi)
\col@sep=\dimen195
\ar@mcellbox=\box68
\extrarowheight=\dimen196
\NC@list=\toks34
\extratabsurround=\skip73
\backup@length=\skip74
\ar@cellbox=\box69
)
\rotheadsize=\dimen197
\c@nlinenum=\count305
\TeXr@lab=\toks35
)

Package amsthm Warning: Unknown theoremstyle `thmstyleone' on input line 76.

\c@theorem=\count306

Package amsthm Warning: Unknown theoremstyle `thmstyletwo' on input line 83.

\c@example=\count307
\c@remark=\count308

Package amsthm Warning: Unknown theoremstyle `thmstylethree' on input line 87.

\c@definition=\count309
(/usr/share/texlive/texmf-dist/tex/latex/l3backend/l3backend-pdfmode.def
File: l3backend-pdfmode.def 2020-02-03 L3 backend support: PDF mode
\l__kernel_color_stack_int=\count310
\l__pdf_internal_box=\box70
) (/media/yunhao/DATA/Project/FederatedLearningSurvey/ReviceFYH/sn-article.aux)
\openout1 = `sn-article.aux'.

LaTeX Font Info:    Checking defaults for OML/cmm/m/it on input line 93.
LaTeX Font Info:    ... okay on input line 93.
LaTeX Font Info:    Checking defaults for OMS/cmsy/m/n on input line 93.
LaTeX Font Info:    ... okay on input line 93.
LaTeX Font Info:    Checking defaults for OT1/cmr/m/n on input line 93.
LaTeX Font Info:    ... okay on input line 93.
LaTeX Font Info:    Checking defaults for T1/cmr/m/n on input line 93.
LaTeX Font Info:    ... okay on input line 93.
LaTeX Font Info:    Checking defaults for TS1/cmr/m/n on input line 93.
LaTeX Font Info:    ... okay on input line 93.
LaTeX Font Info:    Checking defaults for OMX/cmex/m/n on input line 93.
LaTeX Font Info:    ... okay on input line 93.
LaTeX Font Info:    Checking defaults for U/cmr/m/n on input line 93.
LaTeX Font Info:    ... okay on input line 93.
LaTeX Font Info:    Checking defaults for PD1/pdf/m/n on input line 93.
LaTeX Font Info:    ... okay on input line 93.

*geometry* driver: auto-detecting
*geometry* detected driver: pdftex
*geometry* verbose mode - [ preamble ] result:
* driver: pdftex
* paper: custom
* layout: <same size as paper>
* layoutoffset:(h,v)=(0.0pt,0.0pt)
* bindingoffset: 17.07164pt
* modes: twoside 
* h-part:(L,W,R)=(83.37448pt, 372.0pt, 125.06175pt)
* v-part:(T,H,B)=(73.97716pt, 552.69478pt, 218.37491pt)
* \paperwidth=597.50787pt
* \paperheight=845.04684pt
* \textwidth=372.0pt
* \textheight=552.69478pt
* \oddsidemargin=28.17613pt
* \evensidemargin=52.79176pt
* \topmargin=-19.72638pt
* \headheight=5.5pt
* \headsep=15.93355pt
* \topskip=10.0pt
* \footskip=28.45274pt
* \marginparwidth=34.1433pt
* \marginparsep=14.22636pt
* \columnsep=14.22636pt
* \skip\footins=8.0pt plus 4.0pt
* \hoffset=0.0pt
* \voffset=0.0pt
* \mag=1000
* \@twocolumnfalse
* \@twosidetrue
* \@mparswitchtrue
* \@reversemargintrue
* (1in=72.27pt=25.4mm, 1cm=28.453pt)

(/usr/share/texlive/texmf-dist/tex/context/base/mkii/supp-pdf.mkii
[Loading MPS to PDF converter (version 2006.09.02).]
\scratchcounter=\count311
\scratchdimen=\dimen198
\scratchbox=\box71
\nofMPsegments=\count312
\nofMParguments=\count313
\everyMPshowfont=\toks36
\MPscratchCnt=\count314
\MPscratchDim=\dimen199
\MPnumerator=\count315
\makeMPintoPDFobject=\count316
\everyMPtoPDFconversion=\toks37
) (/usr/share/texlive/texmf-dist/tex/latex/epstopdf-pkg/epstopdf-base.sty
Package: epstopdf-base 2020-01-24 v2.11 Base part for package epstopdf
Package epstopdf-base Info: Redefining graphics rule for `.eps' on input line 485.
 (/usr/share/texlive/texmf-dist/tex/latex/latexconfig/epstopdf-sys.cfg
File: epstopdf-sys.cfg 2010/07/13 v1.3 Configuration of (r)epstopdf for TeX Live
))
\AtBeginShipoutBox=\box72
Package hyperref Info: Link coloring ON on input line 93.
 (/usr/share/texlive/texmf-dist/tex/latex/hyperref/nameref.sty
Package: nameref 2019/09/16 v2.46 Cross-referencing by name of section
 (/usr/share/texlive/texmf-dist/tex/latex/refcount/refcount.sty
Package: refcount 2019/12/15 v3.6 Data extraction from label references (HO)
) (/usr/share/texlive/texmf-dist/tex/generic/gettitlestring/gettitlestring.sty
Package: gettitlestring 2019/12/15 v1.6 Cleanup title references (HO)
)
\c@section@level=\count317
)
LaTeX Info: Redefining \ref on input line 93.
LaTeX Info: Redefining \pageref on input line 93.
LaTeX Info: Redefining \nameref on input line 93.
 (/media/yunhao/DATA/Project/FederatedLearningSurvey/ReviceFYH/sn-article.out) (/media/yunhao/DATA/Project/FederatedLearningSurvey/ReviceFYH/sn-article.out)
\@outlinefile=\write3
\openout3 = `sn-article.out'.

\c@lstlisting=\count318
LaTeX Font Info:    Calculating math sizes for size <12.045> on input line 160.


LaTeX Font Warning: Font shape `OT1/cmr/bx/n' in size <8.43146> not available
(Font)              size <8> substituted on input line 160.


LaTeX Font Warning: Font shape `OML/cmm/b/it' in size <8.43146> not available
(Font)              size <8> substituted on input line 160.


LaTeX Font Warning: Font shape `OMS/cmsy/b/n' in size <8.43146> not available
(Font)              size <8> substituted on input line 160.

LaTeX Font Info:    Trying to load font information for U+msa on input line 160.
(/usr/share/texlive/texmf-dist/tex/latex/amsfonts/umsa.fd
File: umsa.fd 2013/01/14 v3.01 AMS symbols A
)
LaTeX Font Info:    Trying to load font information for U+msb on input line 160.
 (/usr/share/texlive/texmf-dist/tex/latex/amsfonts/umsb.fd
File: umsb.fd 2013/01/14 v3.01 AMS symbols B
)
LaTeX Font Info:    Trying to load font information for U+rsfs on input line 160.
 (/usr/share/texlive/texmf-dist/tex/latex/jknapltx/ursfs.fd
File: ursfs.fd 1998/03/24 rsfs font definition file (jk)
)

LaTeX Font Warning: Font shape `U/rsfs/m/n' in size <8.43146> not available
(Font)              size <8> substituted on input line 160.


LaTeX Font Warning: Font shape `OT1/cmr/m/n' in size <8.43146> not available
(Font)              size <8> substituted on input line 160.

LaTeX Font Info:    Calculating math sizes for size <11.04124> on input line 160.

LaTeX Font Warning: Font shape `OT1/cmr/bx/n' in size <5.52061> not available
(Font)              size <6> substituted on input line 160.


LaTeX Font Warning: Font shape `OML/cmm/b/it' in size <5.52061> not available
(Font)              size <6> substituted on input line 160.


LaTeX Font Warning: Font shape `OMS/cmsy/b/n' in size <5.52061> not available
(Font)              size <6> substituted on input line 160.


LaTeX Font Warning: Font shape `U/rsfs/m/n' in size <5.52061> not available
(Font)              size <6> substituted on input line 160.

LaTeX Font Info:    Calculating math sizes for size <10.03749> on input line 160.

Underfull \vbox (badness 10000) has occurred while \output is active []

 [1

{/var/lib/texmf/fonts/map/pdftex/updmap/pdftex.map}]
Package epstopdf Info: Source file: <output/fig1.eps>
(epstopdf)                    date: 2024-09-09 16:20:26
(epstopdf)                    size: 506405 bytes
(epstopdf)             Output file: <output/fig1-eps-converted-to.pdf>
(epstopdf)                    date: 2024-09-09 16:20:26
(epstopdf)                    size: 67157 bytes
(epstopdf)             Command: <repstopdf --outfile=output/fig1-eps-converted-to.pdf output/fig1.eps>
(epstopdf)             \includegraphics on input line 191.
Package epstopdf Info: Output file is already uptodate.
<output/fig1-eps-converted-to.pdf, id=142, 610.28pt x 556.0775pt>
File: output/fig1-eps-converted-to.pdf Graphic file (type pdf)
<use output/fig1-eps-converted-to.pdf>
Package pdftex.def Info: output/fig1-eps-converted-to.pdf  used on input line 191.
(pdftex.def)             Requested size: 372.0095pt x 252.94777pt.
Package epstopdf Info: Source file: <output/fig2.eps>
(epstopdf)                    date: 2024-09-09 16:20:26
(epstopdf)                    size: 1567350 bytes
(epstopdf)             Output file: <output/fig2-eps-converted-to.pdf>
(epstopdf)                    date: 2024-09-09 16:20:26
(epstopdf)                    size: 59915 bytes
(epstopdf)             Command: <repstopdf --outfile=output/fig2-eps-converted-to.pdf output/fig2.eps>
(epstopdf)             \includegraphics on input line 226.
Package epstopdf Info: Output file is already uptodate.
<output/fig2-eps-converted-to.pdf, id=150, 989.6975pt x 682.55pt>
File: output/fig2-eps-converted-to.pdf Graphic file (type pdf)
<use output/fig2-eps-converted-to.pdf>
Package pdftex.def Info: output/fig2-eps-converted-to.pdf  used on input line 226.
(pdftex.def)             Requested size: 371.99643pt x 216.80615pt.

Underfull \vbox (badness 10000) has occurred while \output is active []

 [2pdfTeX warning (ext4): destination with the same identifier (name{figure.1}) has been already used, duplicate ignored

\AtBegShi@Output ...ipout \box \AtBeginShipoutBox 
                                                  \fi \fi 
l.233 
       </media/yunhao/DATA/Project/FederatedLearningSurvey/ReviceFYH/output/fig1-eps-converted-to.pdf>]
Package epstopdf Info: Source file: <output/fig3.eps>
(epstopdf)                    date: 2024-09-09 16:20:26
(epstopdf)                    size: 472700 bytes
(epstopdf)             Output file: <output/fig3-eps-converted-to.pdf>
(epstopdf)                    date: 2024-09-09 16:20:26
(epstopdf)                    size: 56972 bytes
(epstopdf)             Command: <repstopdf --outfile=output/fig3-eps-converted-to.pdf output/fig3.eps>
(epstopdf)             \includegraphics on input line 236.
Package epstopdf Info: Output file is already uptodate.
<output/fig3-eps-converted-to.pdf, id=169, 694.595pt x 524.96124pt>
File: output/fig3-eps-converted-to.pdf Graphic file (type pdf)
<use output/fig3-eps-converted-to.pdf>
Package pdftex.def Info: output/fig3-eps-converted-to.pdf  used on input line 236.
(pdftex.def)             Requested size: 372.01271pt x 216.80551pt.

Underfull \vbox (badness 10000) has occurred while \output is active []

 [3pdfTeX warning (ext4): destination with the same identifier (name{figure.2}) has been already used, duplicate ignored

\AtBegShi@Output ...ipout \box \AtBeginShipoutBox 
                                                  \fi \fi 
l.288 
      pdfTeX warning (ext4): destination with the same identifier (name{table.1}) has been already used, duplicate ignored

\AtBegShi@Output ...ipout \box \AtBeginShipoutBox 
                                                  \fi \fi 
l.288 
       </media/yunhao/DATA/Project/FederatedLearningSurvey/ReviceFYH/output/fig2-eps-converted-to.pdf>]
Underfull \vbox (badness 10000) has occurred while \output is active []

 [4pdfTeX warning (ext4): destination with the same identifier (name{figure.3}) has been already used, duplicate ignored

\AtBegShi@Output ...ipout \box \AtBeginShipoutBox 
                                                  \fi \fi 
l.295 \textbf{Backdoor attacks}
                               ~\cite{bagdasaryan2020backdoor,wang2020attack... </media/yunhao/DATA/Project/FederatedLearningSurvey/ReviceFYH/output/fig3-eps-converted-to.pdf>]
Package epstopdf Info: Source file: <output/fig4.eps>
(epstopdf)                    date: 2024-09-09 16:20:26
(epstopdf)                    size: 5129356 bytes
(epstopdf)             Output file: <output/fig4-eps-converted-to.pdf>
(epstopdf)                    date: 2024-09-09 16:20:26
(epstopdf)                    size: 374466 bytes
(epstopdf)             Command: <repstopdf --outfile=output/fig4-eps-converted-to.pdf output/fig4.eps>
(epstopdf)             \includegraphics on input line 304.
Package epstopdf Info: Output file is already uptodate.
<output/fig4-eps-converted-to.pdf, id=259, 995.72pt x 647.41875pt>
File: output/fig4-eps-converted-to.pdf Graphic file (type pdf)
<use output/fig4-eps-converted-to.pdf>
Package pdftex.def Info: output/fig4-eps-converted-to.pdf  used on input line 304.
(pdftex.def)             Requested size: 371.99629pt x 202.35738pt.

Underfull \vbox (badness 10000) has occurred while \output is active []

 [5pdfTeX warning (ext4): destination with the same identifier (name{figure.4}) has been already used, duplicate ignored

\AtBegShi@Output ...ipout \box \AtBeginShipoutBox 
                                                  \fi \fi 
l.341 
       </media/yunhao/DATA/Project/FederatedLearningSurvey/ReviceFYH/output/fig4-eps-converted-to.pdf>]
Underfull \vbox (badness 10000) has occurred while \output is active []

 [6]
Package epstopdf Info: Source file: <output/fig5.eps>
(epstopdf)                    date: 2024-09-09 16:20:26
(epstopdf)                    size: 27638222 bytes
(epstopdf)             Output file: <output/fig5-eps-converted-to.pdf>
(epstopdf)                    date: 2024-09-09 16:20:26
(epstopdf)                    size: 1744066 bytes
(epstopdf)             Command: <repstopdf --outfile=output/fig5-eps-converted-to.pdf output/fig5.eps>
(epstopdf)             \includegraphics on input line 454.
Package epstopdf Info: Output file is already uptodate.
<output/fig5-eps-converted-to.pdf, id=330, 994.71625pt x 729.72626pt>
File: output/fig5-eps-converted-to.pdf Graphic file (type pdf)
<use output/fig5-eps-converted-to.pdf>
Package pdftex.def Info: output/fig5-eps-converted-to.pdf  used on input line 454.
(pdftex.def)             Requested size: 372.00075pt x 252.93611pt.


LaTeX Warning: `h' float specifier changed to `ht'.


Underfull \vbox (badness 10000) has occurred while \output is active []

 [7pdfTeX warning (ext4): destination with the same identifier (name{table.2}) has been already used, duplicate ignored

\AtBegShi@Output ...ipout \box \AtBeginShipoutBox 
                                                  \fi \fi 
l.487 
      ]
Underfull \vbox (badness 10000) has occurred while \output is active []

 [8pdfTeX warning (ext4): destination with the same identifier (name{figure.5}) has been already used, duplicate ignored

\AtBegShi@Output ...ipout \box \AtBeginShipoutBox 
                                                  \fi \fi 
l.515 
       </media/yunhao/DATA/Project/FederatedLearningSurvey/ReviceFYH/output/fig5-eps-converted-to.pdf>]
Package epstopdf Info: Source file: <output/fig6.eps>
(epstopdf)                    date: 2024-09-09 16:20:26
(epstopdf)                    size: 7502280 bytes
(epstopdf)             Output file: <output/fig6-eps-converted-to.pdf>
(epstopdf)                    date: 2024-09-09 16:20:26
(epstopdf)                    size: 257240 bytes
(epstopdf)             Command: <repstopdf --outfile=output/fig6-eps-converted-to.pdf output/fig6.eps>
(epstopdf)             \includegraphics on input line 518.
Package epstopdf Info: Output file is already uptodate.
<output/fig6-eps-converted-to.pdf, id=391, 964.60374pt x 412.54124pt>
File: output/fig6-eps-converted-to.pdf Graphic file (type pdf)
<use output/fig6-eps-converted-to.pdf>
Package pdftex.def Info: output/fig6-eps-converted-to.pdf  used on input line 518.
(pdftex.def)             Requested size: 371.99913pt x 158.99568pt.
Package epstopdf Info: Source file: <output/fig7.eps>
(epstopdf)                    date: 2024-09-09 16:20:26
(epstopdf)                    size: 13460197 bytes
(epstopdf)             Output file: <output/fig7-eps-converted-to.pdf>
(epstopdf)                    date: 2024-09-09 16:20:26
(epstopdf)                    size: 413548 bytes
(epstopdf)             Command: <repstopdf --outfile=output/fig7-eps-converted-to.pdf output/fig7.eps>
(epstopdf)             \includegraphics on input line 552.
Package epstopdf Info: Output file is already uptodate.
<output/fig7-eps-converted-to.pdf, id=395, 980.66376pt x 500.87125pt>
File: output/fig7-eps-converted-to.pdf Graphic file (type pdf)
<use output/fig7-eps-converted-to.pdf>
Package pdftex.def Info: output/fig7-eps-converted-to.pdf  used on input line 552.
(pdftex.def)             Requested size: 371.9977pt x 180.67271pt.


LaTeX Warning: `h' float specifier changed to `ht'.


Underfull \vbox (badness 10000) has occurred while \output is active []

 [9pdfTeX warning (ext4): destination with the same identifier (name{figure.6}) has been already used, duplicate ignored

\AtBegShi@Output ...ipout \box \AtBeginShipoutBox 
                                                  \fi \fi 
l.571 
       </media/yunhao/DATA/Project/FederatedLearningSurvey/ReviceFYH/output/fig6-eps-converted-to.pdf>]
Underfull \vbox (badness 10000) has occurred while \output is active []

 [10pdfTeX warning (ext4): destination with the same identifier (name{figure.7}) has been already used, duplicate ignored

\AtBegShi@Output ...ipout \box \AtBeginShipoutBox 
                                                  \fi \fi 
l.607 \subsection
                 {Summary Of Federated Backdoor Attack} </media/yunhao/DATA/Project/FederatedLearningSurvey/ReviceFYH/output/fig7-eps-converted-to.pdf>]
Package epstopdf Info: Source file: <output/fig8.eps>
(epstopdf)                    date: 2024-09-09 16:20:26
(epstopdf)                    size: 281894 bytes
(epstopdf)             Output file: <output/fig8-eps-converted-to.pdf>
(epstopdf)                    date: 2024-09-09 16:20:26
(epstopdf)                    size: 36449 bytes
(epstopdf)             Command: <repstopdf --outfile=output/fig8-eps-converted-to.pdf output/fig8.eps>
(epstopdf)             \includegraphics on input line 623.
Package epstopdf Info: Output file is already uptodate.
<output/fig8-eps-converted-to.pdf, id=454, 963.6pt x 542.025pt>
File: output/fig8-eps-converted-to.pdf Graphic file (type pdf)
<use output/fig8-eps-converted-to.pdf>
Package pdftex.def Info: output/fig8-eps-converted-to.pdf  used on input line 623.
(pdftex.def)             Requested size: 371.99432pt x 252.9405pt.

Underfull \vbox (badness 10000) has occurred while \output is active []

 [11pdfTeX warning (ext4): destination with the same identifier (name{figure.8}) has been already used, duplicate ignored

\AtBegShi@Output ...ipout \box \AtBeginShipoutBox 
                                                  \fi \fi 
l.643 
       </media/yunhao/DATA/Project/FederatedLearningSurvey/ReviceFYH/output/fig8-eps-converted-to.pdf>]
Package epstopdf Info: Source file: <output/fig9.eps>
(epstopdf)                    date: 2024-09-09 16:20:26
(epstopdf)                    size: 502186 bytes
(epstopdf)             Output file: <output/fig9-eps-converted-to.pdf>
(epstopdf)                    date: 2024-09-09 16:20:26
(epstopdf)                    size: 97689 bytes
(epstopdf)             Command: <repstopdf --outfile=output/fig9-eps-converted-to.pdf output/fig9.eps>
(epstopdf)             \includegraphics on input line 701.
Package epstopdf Info: Output file is already uptodate.
<output/fig9-eps-converted-to.pdf, id=511, 952.55875pt x 312.16624pt>
File: output/fig9-eps-converted-to.pdf Graphic file (type pdf)
<use output/fig9-eps-converted-to.pdf>
Package pdftex.def Info: output/fig9-eps-converted-to.pdf  used on input line 701.
(pdftex.def)             Requested size: 372.00514pt x 108.40244pt.


LaTeX Warning: `h' float specifier changed to `ht'.


Underfull \vbox (badness 10000) has occurred while \output is active []

 [12]
Package epstopdf Info: Source file: <output/fig10.eps>
(epstopdf)                    date: 2024-09-09 16:20:26
(epstopdf)                    size: 6106021 bytes
(epstopdf)             Output file: <output/fig10-eps-converted-to.pdf>
(epstopdf)                    date: 2024-09-09 16:20:26
(epstopdf)                    size: 230651 bytes
(epstopdf)             Command: <repstopdf --outfile=output/fig10-eps-converted-to.pdf output/fig10.eps>
(epstopdf)             \includegraphics on input line 722.
Package epstopdf Info: Output file is already uptodate.
<output/fig10-eps-converted-to.pdf, id=526, 948.54375pt x 461.725pt>
File: output/fig10-eps-converted-to.pdf Graphic file (type pdf)
<use output/fig10-eps-converted-to.pdf>
Package pdftex.def Info: output/fig10-eps-converted-to.pdf  used on input line 722.
(pdftex.def)             Requested size: 372.00029pt x 158.99234pt.

Underfull \vbox (badness 10000) has occurred while \output is active []

 [13pdfTeX warning (ext4): destination with the same identifier (name{figure.9}) has been already used, duplicate ignored

\AtBegShi@Output ...ipout \box \AtBeginShipoutBox 
                                                  \fi \fi 
l.746 
      pdfTeX warning (ext4): destination with the same identifier (name{figure.10}) has been already used, duplicate ignored

\AtBegShi@Output ...ipout \box \AtBeginShipoutBox 
                                                  \fi \fi 
l.746 
       </media/yunhao/DATA/Project/FederatedLearningSurvey/ReviceFYH/output/fig9-eps-converted-to.pdf> </media/yunhao/DATA/Project/FederatedLearningSurvey/ReviceFYH/output/fig10-eps-converted-to.pdf>]
Package epstopdf Info: Source file: <output/fig11.eps>
(epstopdf)                    date: 2024-09-09 16:20:26
(epstopdf)                    size: 6310479 bytes
(epstopdf)             Output file: <output/fig11-eps-converted-to.pdf>
(epstopdf)                    date: 2024-09-09 16:20:26
(epstopdf)                    size: 482336 bytes
(epstopdf)             Command: <repstopdf --outfile=output/fig11-eps-converted-to.pdf output/fig11.eps>
(epstopdf)             \includegraphics on input line 807.
Package epstopdf Info: Output file is already uptodate.
<output/fig11-eps-converted-to.pdf, id=579, 1138.2525pt x 854.19125pt>
File: output/fig11-eps-converted-to.pdf Graphic file (type pdf)
<use output/fig11-eps-converted-to.pdf>
Package pdftex.def Info: output/fig11-eps-converted-to.pdf  used on input line 807.
(pdftex.def)             Requested size: 371.9945pt x 252.93571pt.


LaTeX Warning: `h' float specifier changed to `ht'.


Underfull \vbox (badness 10000) has occurred while \output is active []

 [14]
Underfull \vbox (badness 10000) has occurred while \output is active []

 [15pdfTeX warning (ext4): destination with the same identifier (name{figure.11}) has been already used, duplicate ignored

\AtBegShi@Output ...ipout \box \AtBeginShipoutBox 
                                                  \fi \fi 
l.859 
       </media/yunhao/DATA/Project/FederatedLearningSurvey/ReviceFYH/output/fig11-eps-converted-to.pdf>]
Underfull \vbox (badness 10000) has occurred while \output is active []

 [16]
Package epstopdf Info: Source file: <output/fig12.eps>
(epstopdf)                    date: 2024-09-09 16:20:26
(epstopdf)                    size: 18653402 bytes
(epstopdf)             Output file: <output/fig12-eps-converted-to.pdf>
(epstopdf)                    date: 2024-09-09 16:20:26
(epstopdf)                    size: 1353728 bytes
(epstopdf)             Command: <repstopdf --outfile=output/fig12-eps-converted-to.pdf output/fig12.eps>
(epstopdf)             \includegraphics on input line 938.
Package epstopdf Info: Output file is already uptodate.
<output/fig12-eps-converted-to.pdf, id=653, 2845.63126pt x 2276.505pt>
File: output/fig12-eps-converted-to.pdf Graphic file (type pdf)
<use output/fig12-eps-converted-to.pdf>
Package pdftex.def Info: output/fig12-eps-converted-to.pdf  used on input line 938.
(pdftex.def)             Requested size: 182.28043pt x 180.66518pt.
Package epstopdf Info: Source file: <output/fig13.eps>
(epstopdf)                    date: 2024-09-09 16:20:26
(epstopdf)                    size: 2611168 bytes
(epstopdf)             Output file: <output/fig13-eps-converted-to.pdf>
(epstopdf)                    date: 2024-09-09 16:20:26
(epstopdf)                    size: 588410 bytes
(epstopdf)             Command: <repstopdf --outfile=output/fig13-eps-converted-to.pdf output/fig13.eps>
(epstopdf)             \includegraphics on input line 945.
Package epstopdf Info: Output file is already uptodate.
<output/fig13-eps-converted-to.pdf, id=654, 806.01125pt x 617.30624pt>
File: output/fig13-eps-converted-to.pdf Graphic file (type pdf)
<use output/fig13-eps-converted-to.pdf>
Package pdftex.def Info: output/fig13-eps-converted-to.pdf  used on input line 945.
(pdftex.def)             Requested size: 182.2794pt x 180.67203pt.
Package epstopdf Info: Source file: <output/fig14.eps>
(epstopdf)                    date: 2024-09-09 16:20:26
(epstopdf)                    size: 1169970 bytes
(epstopdf)             Output file: <output/fig14-eps-converted-to.pdf>
(epstopdf)                    date: 2024-09-09 16:20:26
(epstopdf)                    size: 96232 bytes
(epstopdf)             Command: <repstopdf --outfile=output/fig14-eps-converted-to.pdf output/fig14.eps>
(epstopdf)             \includegraphics on input line 956.
Package epstopdf Info: Output file is already uptodate.
<output/fig14-eps-converted-to.pdf, id=655, 950.55125pt x 718.685pt>
File: output/fig14-eps-converted-to.pdf Graphic file (type pdf)
<use output/fig14-eps-converted-to.pdf>
Package pdftex.def Info: output/fig14-eps-converted-to.pdf  used on input line 956.
(pdftex.def)             Requested size: 372.00438pt x 252.94719pt.


LaTeX Warning: `h' float specifier changed to `ht'.


Underfull \vbox (badness 10000) has occurred while \output is active []

 [17pdfTeX warning (ext4): destination with the same identifier (name{figure.12}) has been already used, duplicate ignored

\AtBegShi@Output ...ipout \box \AtBeginShipoutBox 
                                                  \fi \fi 
l.984 
      pdfTeX warning (ext4): destination with the same identifier (name{figure.13}) has been already used, duplicate ignored

\AtBegShi@Output ...ipout \box \AtBeginShipoutBox 
                                                  \fi \fi 
l.984 
       </media/yunhao/DATA/Project/FederatedLearningSurvey/ReviceFYH/output/fig12-eps-converted-to.pdf> </media/yunhao/DATA/Project/FederatedLearningSurvey/ReviceFYH/output/fig13-eps-converted-to.pdf>]
Underfull \vbox (badness 10000) has occurred while \output is active []

 [18pdfTeX warning (ext4): destination with the same identifier (name{figure.14}) has been already used, duplicate ignored

\AtBegShi@Output ...ipout \box \AtBeginShipoutBox 
                                                  \fi \fi 
l.1012 
        </media/yunhao/DATA/Project/FederatedLearningSurvey/ReviceFYH/output/fig14-eps-converted-to.pdf>]
Underfull \vbox (badness 10000) has occurred while \output is active []

 [19]
Package epstopdf Info: Source file: <output/fig15.eps>
(epstopdf)                    date: 2024-09-09 16:20:26
(epstopdf)                    size: 1235101 bytes
(epstopdf)             Output file: <output/fig15-eps-converted-to.pdf>
(epstopdf)                    date: 2024-09-09 16:20:26
(epstopdf)                    size: 41949 bytes
(epstopdf)             Command: <repstopdf --outfile=output/fig15-eps-converted-to.pdf output/fig15.eps>
(epstopdf)             \includegraphics on input line 1090.
Package epstopdf Info: Output file is already uptodate.
<output/fig15-eps-converted-to.pdf, id=775, 1024.82875pt x 484.81125pt>
File: output/fig15-eps-converted-to.pdf Graphic file (type pdf)
<use output/fig15-eps-converted-to.pdf>
Package pdftex.def Info: output/fig15-eps-converted-to.pdf  used on input line 1090.
(pdftex.def)             Requested size: 372.00304pt x 180.67932pt.

Underfull \vbox (badness 10000) has occurred while \output is active []

 [20pdfTeX warning (ext4): destination with the same identifier (name{figure.15}) has been already used, duplicate ignored

\AtBegShi@Output ...ipout \box \AtBeginShipoutBox 
                                                  \fi \fi 
l.1122 
        </media/yunhao/DATA/Project/FederatedLearningSurvey/ReviceFYH/output/fig15-eps-converted-to.pdf>]
Package epstopdf Info: Source file: <output/fig16.eps>
(epstopdf)                    date: 2024-09-09 16:20:26
(epstopdf)                    size: 354075 bytes
(epstopdf)             Output file: <output/fig16-eps-converted-to.pdf>
(epstopdf)                    date: 2024-09-09 16:20:26
(epstopdf)                    size: 55946 bytes
(epstopdf)             Command: <repstopdf --outfile=output/fig16-eps-converted-to.pdf output/fig16.eps>
(epstopdf)             \includegraphics on input line 1125.
Package epstopdf Info: Output file is already uptodate.
<output/fig16-eps-converted-to.pdf, id=799, 1018.80624pt x 722.7pt>
File: output/fig16-eps-converted-to.pdf Graphic file (type pdf)
<use output/fig16-eps-converted-to.pdf>
Package pdftex.def Info: output/fig16-eps-converted-to.pdf  used on input line 1125.
(pdftex.def)             Requested size: 371.99333pt x 252.93776pt.

Underfull \vbox (badness 10000) has occurred while \output is active []

 [21pdfTeX warning (ext4): destination with the same identifier (name{figure.16}) has been already used, duplicate ignored

\AtBegShi@Output ...ipout \box \AtBeginShipoutBox 
                                                  \fi \fi 
l.1169 
        </media/yunhao/DATA/Project/FederatedLearningSurvey/ReviceFYH/output/fig16-eps-converted-to.pdf>]
Package epstopdf Info: Source file: <output/fig17.eps>
(epstopdf)                    date: 2024-09-09 16:20:26
(epstopdf)                    size: 779808 bytes
(epstopdf)             Output file: <output/fig17-eps-converted-to.pdf>
(epstopdf)                    date: 2024-09-09 16:20:26
(epstopdf)                    size: 50801 bytes
(epstopdf)             Command: <repstopdf --outfile=output/fig17-eps-converted-to.pdf output/fig17.eps>
(epstopdf)             \includegraphics on input line 1200.
Package epstopdf Info: Output file is already uptodate.
<output/fig17-eps-converted-to.pdf, id=827, 894.34125pt x 693.59125pt>
File: output/fig17-eps-converted-to.pdf Graphic file (type pdf)
<use output/fig17-eps-converted-to.pdf>
Package pdftex.def Info: output/fig17-eps-converted-to.pdf  used on input line 1200.
(pdftex.def)             Requested size: 372.00443pt x 252.94174pt.


LaTeX Warning: `h' float specifier changed to `ht'.


Underfull \vbox (badness 10000) has occurred while \output is active []

 [22]
Underfull \vbox (badness 10000) has occurred while \output is active []

 [23pdfTeX warning (ext4): destination with the same identifier (name{figure.17}) has been already used, duplicate ignored

\AtBegShi@Output ...ipout \box \AtBeginShipoutBox 
                                                  \fi \fi 
l.1272 
        </media/yunhao/DATA/Project/FederatedLearningSurvey/ReviceFYH/output/fig17-eps-converted-to.pdf>]
Package epstopdf Info: Source file: <output/fig18.eps>
(epstopdf)                    date: 2024-09-09 16:20:26
(epstopdf)                    size: 2513187 bytes
(epstopdf)             Output file: <output/fig18-eps-converted-to.pdf>
(epstopdf)                    date: 2024-09-09 16:20:26
(epstopdf)                    size: 84183 bytes
(epstopdf)             Command: <repstopdf --outfile=output/fig18-eps-converted-to.pdf output/fig18.eps>
(epstopdf)             \includegraphics on input line 1288.
Package epstopdf Info: Output file is already uptodate.
<output/fig18-eps-converted-to.pdf, id=860, 921.4425pt x 638.385pt>
File: output/fig18-eps-converted-to.pdf Graphic file (type pdf)
<use output/fig18-eps-converted-to.pdf>
Package pdftex.def Info: output/fig18-eps-converted-to.pdf  used on input line 1288.
(pdftex.def)             Requested size: 371.98708pt x 238.48787pt.

Underfull \vbox (badness 10000) has occurred while \output is active []

 [24pdfTeX warning (ext4): destination with the same identifier (name{figure.18}) has been already used, duplicate ignored

\AtBegShi@Output ...ipout \box \AtBeginShipoutBox 
                                                  \fi \fi 
l.1310 
        </media/yunhao/DATA/Project/FederatedLearningSurvey/ReviceFYH/output/fig18-eps-converted-to.pdf>]
Underfull \vbox (badness 10000) has occurred while \output is active []

 [25]
Package epstopdf Info: Source file: <output/fig19.eps>
(epstopdf)                    date: 2024-09-09 16:20:26
(epstopdf)                    size: 260348 bytes
(epstopdf)             Output file: <output/fig19-eps-converted-to.pdf>
(epstopdf)                    date: 2024-09-09 16:20:26
(epstopdf)                    size: 24869 bytes
(epstopdf)             Command: <repstopdf --outfile=output/fig19-eps-converted-to.pdf output/fig19.eps>
(epstopdf)             \includegraphics on input line 1404.
Package epstopdf Info: Output file is already uptodate.
<output/fig19-eps-converted-to.pdf, id=904, 915.42pt x 533.995pt>
File: output/fig19-eps-converted-to.pdf Graphic file (type pdf)
<use output/fig19-eps-converted-to.pdf>
Package pdftex.def Info: output/fig19-eps-converted-to.pdf  used on input line 1404.
(pdftex.def)             Requested size: 372.00021pt x 202.35799pt.


LaTeX Warning: `h' float specifier changed to `ht'.


Underfull \vbox (badness 10000) has occurred while \output is active []

 [26]
Underfull \vbox (badness 10000) has occurred while \output is active []

 [27pdfTeX warning (ext4): destination with the same identifier (name{figure.19}) has been already used, duplicate ignored

\AtBegShi@Output ...ipout \box \AtBeginShipoutBox 
                                                  \fi \fi 
l.1488 \begin{equation}
                        </media/yunhao/DATA/Project/FederatedLearningSurvey/ReviceFYH/output/fig19-eps-converted-to.pdf>]
Underfull \vbox (badness 10000) has occurred while \output is active []

 [28]
Package epstopdf Info: Source file: <output/fig20.eps>
(epstopdf)                    date: 2024-09-09 16:20:26
(epstopdf)                    size: 251898 bytes
(epstopdf)             Output file: <output/fig20-eps-converted-to.pdf>
(epstopdf)                    date: 2024-09-09 16:20:26
(epstopdf)                    size: 19745 bytes
(epstopdf)             Command: <repstopdf --outfile=output/fig20-eps-converted-to.pdf output/fig20.eps>
(epstopdf)             \includegraphics on input line 1595.
Package epstopdf Info: Output file is already uptodate.
<output/fig20-eps-converted-to.pdf, id=943, 963.6pt x 542.025pt>
File: output/fig20-eps-converted-to.pdf Graphic file (type pdf)
<use output/fig20-eps-converted-to.pdf>
Package pdftex.def Info: output/fig20-eps-converted-to.pdf  used on input line 1595.
(pdftex.def)             Requested size: 371.99432pt x 252.9405pt.


LaTeX Warning: `h' float specifier changed to `ht'.


Underfull \vbox (badness 10000) has occurred while \output is active []

 [29]
Package epstopdf Info: Source file: <output/fig21.eps>
(epstopdf)                    date: 2024-09-09 16:20:26
(epstopdf)                    size: 355749 bytes
(epstopdf)             Output file: <output/fig21-eps-converted-to.pdf>
(epstopdf)                    date: 2024-09-09 16:20:26
(epstopdf)                    size: 54504 bytes
(epstopdf)             Command: <repstopdf --outfile=output/fig21-eps-converted-to.pdf output/fig21.eps>
(epstopdf)             \includegraphics on input line 1627.
Package epstopdf Info: Output file is already uptodate.
<output/fig21-eps-converted-to.pdf, id=953, 737.75626pt x 248.93pt>
File: output/fig21-eps-converted-to.pdf Graphic file (type pdf)
<use output/fig21-eps-converted-to.pdf>
Package pdftex.def Info: output/fig21-eps-converted-to.pdf  used on input line 1627.
(pdftex.def)             Requested size: 371.99547pt x 130.09006pt.


LaTeX Warning: `h' float specifier changed to `ht'.


Underfull \vbox (badness 10000) has occurred while \output is active []

 [30pdfTeX warning (ext4): destination with the same identifier (name{figure.20}) has been already used, duplicate ignored

\AtBegShi@Output ...ipout \box \AtBeginShipoutBox 
                                                  \fi \fi 
l.1656 
        </media/yunhao/DATA/Project/FederatedLearningSurvey/ReviceFYH/output/fig20-eps-converted-to.pdf>]
Underfull \vbox (badness 10000) has occurred while \output is active []

 [31pdfTeX warning (ext4): destination with the same identifier (name{figure.21}) has been already used, duplicate ignored

\AtBegShi@Output ...ipout \box \AtBeginShipoutBox 
                                                  \fi \fi 
l.1708 
        </media/yunhao/DATA/Project/FederatedLearningSurvey/ReviceFYH/output/fig21-eps-converted-to.pdf>]
LaTeX Font Info:    Calculating math sizes for size <8.03> on input line 1737.


LaTeX Font Warning: Font shape `OT1/cmr/m/n' in size <4.015> not available
(Font)              size <5> substituted on input line 1737.


LaTeX Font Warning: Font shape `OML/cmm/m/it' in size <4.015> not available
(Font)              size <5> substituted on input line 1737.


LaTeX Font Warning: Font shape `OMS/cmsy/m/n' in size <4.015> not available
(Font)              size <5> substituted on input line 1737.


LaTeX Font Warning: Font shape `U/rsfs/m/n' in size <4.015> not available
(Font)              size <5> substituted on input line 1737.


Underfull \vbox (badness 10000) has occurred while \output is active []

 [32pdfTeX warning (ext4): destination with the same identifier (name{table.3}) has been already used, duplicate ignored

\AtBegShi@Output ...ipout \box \AtBeginShipoutBox 
                                                  \fi \fi 
l.1779 
       ]
Underfull \vbox (badness 10000) has occurred while \output is active []

 [33] (/media/yunhao/DATA/Project/FederatedLearningSurvey/ReviceFYH/sn-article.bbl
Underfull \hbox (badness 5711) in paragraph at lines 82--95
[]\OT1/cmr/m/n/10 McMahan, B., Moore, E., Ram-age, D., Hamp-son, S., Arcas, B.A.:
 []


Underfull \vbox (badness 10000) has occurred while \output is active []

 [34]
Underfull \vbox (badness 10000) has occurred while \output is active []

 [35]
Underfull \vbox (badness 10000) has occurred while \output is active []

 [36]
Underfull \vbox (badness 10000) has occurred while \output is active []

 [37]
Underfull \vbox (badness 10000) has occurred while \output is active []

 [38]
Underfull \vbox (badness 10000) has occurred while \output is active []

 [39]
Underfull \vbox (badness 10000) has occurred while \output is active []

 [40]
Underfull \vbox (badness 10000) has occurred while \output is active []

 [41]
Underfull \vbox (badness 10000) has occurred while \output is active []

 [42]
Underfull \vbox (badness 10000) has occurred while \output is active []

 [43])
Package atveryend Info: Empty hook `BeforeClearDocument' on input line 1848.

Underfull \vbox (badness 10000) has occurred while \output is active []

 [44]
Package atveryend Info: Empty hook `AfterLastShipout' on input line 1848.
 (/media/yunhao/DATA/Project/FederatedLearningSurvey/ReviceFYH/sn-article.aux)
Package atveryend Info: Executing hook `AtVeryEndDocument' on input line 1848.
Package atveryend Info: Executing hook `AtEndAfterFileList' on input line 1848.
Package rerunfilecheck Info: File `sn-article.out' has not changed.
(rerunfilecheck)             Checksum: F5458AF2D4794EA9D77EC12137FD2DED;2076.


LaTeX Font Warning: Size substitutions with differences
(Font)              up to 0.985pt have occurred.

Package atveryend Info: Empty hook `AtVeryVeryEnd' on input line 1848.
 ) 
Here is how much of TeX's memory you used:
 11612 strings out of 481239
 172203 string characters out of 5920377
 460557 words of memory out of 5000000
 26390 multiletter control sequences out of 15000+600000
 552181 words of font info for 106 fonts, out of 8000000 for 9000
 1151 hyphenation exceptions out of 8191
 46i,17n,37p,819b,721s stack positions out of 5000i,500n,10000p,200000b,80000s
{/usr/share/texmf/fonts/enc/dvips/cm-super/cm-super-ts1.enc}</usr/share/texlive/texmf-dist/fonts/type1/public/amsfonts/cmextra/cmbsy8.pfb></usr/share/texlive/texmf-dist/fonts/type1/public/amsfonts/cm/cmbx10.pfb></usr/share/texlive/texmf-dist/fonts/type1/public/amsfonts/cm/cmbx12.pfb></usr/share/texlive/texmf-dist/fonts/type1/public/amsfonts/cm/cmbx8.pfb></usr/share/texlive/texmf-dist/fonts/type1/public/amsfonts/cm/cmbx9.pfb></usr/share/texlive/texmf-dist/fonts/type1/public/amsfonts/cm/cmmi10.pfb></usr/share/texlive/texmf-dist/fonts/type1/public/amsfonts/cm/cmmi7.pfb></usr/share/texlive/texmf-dist/fonts/type1/public/amsfonts/cm/cmmi8.pfb></usr/share/texlive/texmf-dist/fonts/type1/public/amsfonts/cm/cmr10.pfb></usr/share/texlive/texmf-dist/fonts/type1/public/amsfonts/cm/cmr12.pfb></usr/share/texlive/texmf-dist/fonts/type1/public/amsfonts/cm/cmr17.pfb></usr/share/texlive/texmf-dist/fonts/type1/public/amsfonts/cm/cmr7.pfb></usr/share/texlive/texmf-dist/fonts/type1/public/amsfonts/cm/cmr8.pfb></usr/share/texlive/texmf-dist/fonts/type1/public/amsfonts/cm/cmr9.pfb></usr/share/texlive/texmf-dist/fonts/type1/public/amsfonts/cm/cmsy10.pfb></usr/share/texlive/texmf-dist/fonts/type1/public/amsfonts/cm/cmsy7.pfb></usr/share/texlive/texmf-dist/fonts/type1/public/amsfonts/cm/cmsy8.pfb></usr/share/texlive/texmf-dist/fonts/type1/public/amsfonts/cm/cmti10.pfb></usr/share/texmf/fonts/type1/public/cm-super/sfrm0900.pfb>
Output written on /media/yunhao/DATA/Project/FederatedLearningSurvey/ReviceFYH/sn-article.pdf (44 pages, 6448305 bytes).
PDF statistics:
 1226 PDF objects out of 1440 (max. 8388607)
 934 compressed objects within 10 object streams
 224 named destinations out of 1000 (max. 500000)
 346 words of extra memory for PDF output out of 10000 (max. 10000000)

