This is pdfTeX, Version 3.141592653-2.6-1.40.24 (TeX Live 2022) (preloaded format=pdflatex 2023.3.3)  13 MAR 2024 18:09
entering extended mode
 restricted \write18 enabled.
 file:line:error style messages enabled.
 %&-line parsing enabled.
**f:/Program_Project/GitHub/FederatedLearningSurvey/NeuroComputing/cas-dc-template.tex
(f:/Program_Project/GitHub/FederatedLearningSurvey/NeuroComputing/cas-dc-template.tex
LaTeX2e <2021-11-15> patch level 1
L3 programming layer <2022-02-24> (./cas-dc.cls
Document Class: cas-dc 2021/05/11, 2.3: Formatting class for CAS double column articles
\c@blind=\count185
\@bls=\dimen138
(f:/texlive/2022/texmf-dist/tex/latex/base/article.cls
Document Class: article 2021/10/04 v1.4n Standard LaTeX document class
(f:/texlive/2022/texmf-dist/tex/latex/base/fleqn.clo
File: fleqn.clo 2016/12/29 v1.2b Standard LaTeX option (flush left equations)
\mathindent=\skip47
Applying: [2015/01/01] Make \[ robust on input line 50.
LaTeX Info: Redefining \[ on input line 51.
Already applied: [0000/00/00] Make \[ robust on input line 62.
Applying: [2015/01/01] Make \] robust on input line 74.
LaTeX Info: Redefining \] on input line 75.
Already applied: [0000/00/00] Make \] robust on input line 83.
) (f:/texlive/2022/texmf-dist/tex/latex/base/size10.clo
File: size10.clo 2021/10/04 v1.4n Standard LaTeX file (size option)
)
\c@part=\count186
\c@section=\count187
\c@subsection=\count188
\c@subsubsection=\count189
\c@paragraph=\count190
\c@subparagraph=\count191
\c@figure=\count192
\c@table=\count193
\abovecaptionskip=\skip48
\belowcaptionskip=\skip49
\bibindent=\dimen139
) (f:/texlive/2022/texmf-dist/tex/latex/graphics/graphicx.sty
Package: graphicx 2021/09/16 v1.2d Enhanced LaTeX Graphics (DPC,SPQR)
 (f:/texlive/2022/texmf-dist/tex/latex/graphics/keyval.sty
Package: keyval 2014/10/28 v1.15 key=value parser (DPC)
\KV@toks@=\toks16
) (f:/texlive/2022/texmf-dist/tex/latex/graphics/graphics.sty
Package: graphics 2021/03/04 v1.4d Standard LaTeX Graphics (DPC,SPQR)
 (f:/texlive/2022/texmf-dist/tex/latex/graphics/trig.sty
Package: trig 2021/08/11 v1.11 sin cos tan (DPC)
) (f:/texlive/2022/texmf-dist/tex/latex/graphics-cfg/graphics.cfg
File: graphics.cfg 2016/06/04 v1.11 sample graphics configuration
)
Package graphics Info: Driver file: pdftex.def on input line 107.
 (f:/texlive/2022/texmf-dist/tex/latex/graphics-def/pdftex.def
File: pdftex.def 2020/10/05 v1.2a Graphics/color driver for pdftex
))
\Gin@req@height=\dimen140
\Gin@req@width=\dimen141
) (f:/texlive/2022/texmf-dist/tex/latex/amsmath/amsmath.sty
Package: amsmath 2021/10/15 v2.17l AMS math features
\@mathmargin=\skip50

For additional information on amsmath, use the `?' option.
(f:/texlive/2022/texmf-dist/tex/latex/amsmath/amstext.sty
Package: amstext 2021/08/26 v2.01 AMS text
 (f:/texlive/2022/texmf-dist/tex/latex/amsmath/amsgen.sty
File: amsgen.sty 1999/11/30 v2.0 generic functions
\@emptytoks=\toks17
\ex@=\dimen142
)) (f:/texlive/2022/texmf-dist/tex/latex/amsmath/amsbsy.sty
Package: amsbsy 1999/11/29 v1.2d Bold Symbols
\pmbraise@=\dimen143
) (f:/texlive/2022/texmf-dist/tex/latex/amsmath/amsopn.sty
Package: amsopn 2021/08/26 v2.02 operator names
)
\inf@bad=\count194
LaTeX Info: Redefining \frac on input line 234.
\uproot@=\count195
\leftroot@=\count196
LaTeX Info: Redefining \overline on input line 399.
\classnum@=\count197
\DOTSCASE@=\count198
LaTeX Info: Redefining \ldots on input line 496.
LaTeX Info: Redefining \dots on input line 499.
LaTeX Info: Redefining \cdots on input line 620.
\Mathstrutbox@=\box50
\strutbox@=\box51
\big@size=\dimen144
LaTeX Font Info:    Redeclaring font encoding OML on input line 743.
LaTeX Font Info:    Redeclaring font encoding OMS on input line 744.
\macc@depth=\count199
\c@MaxMatrixCols=\count266
\dotsspace@=\muskip16
\c@parentequation=\count267
\dspbrk@lvl=\count268
\tag@help=\toks18
\row@=\count269
\column@=\count270
\maxfields@=\count271
\andhelp@=\toks19
\eqnshift@=\dimen145
\alignsep@=\dimen146
\tagshift@=\dimen147
\tagwidth@=\dimen148
\totwidth@=\dimen149
\lineht@=\dimen150
\@envbody=\toks20
\multlinegap=\skip51
\multlinetaggap=\skip52
\mathdisplay@stack=\toks21
LaTeX Info: Redefining \[ on input line 2938.
LaTeX Info: Redefining \] on input line 2939.
) (f:/texlive/2022/texmf-dist/tex/latex/amsfonts/amsfonts.sty
Package: amsfonts 2013/01/14 v3.01 Basic AMSFonts support
\symAMSa=\mathgroup4
\symAMSb=\mathgroup5
LaTeX Font Info:    Redeclaring math symbol \hbar on input line 98.
LaTeX Font Info:    Overwriting math alphabet `\mathfrak' in version `bold'
(Font)                  U/euf/m/n --> U/euf/b/n on input line 106.
) (f:/texlive/2022/texmf-dist/tex/latex/amsfonts/amssymb.sty
Package: amssymb 2013/01/14 v3.01 AMS font symbols
) (f:/texlive/2022/texmf-dist/tex/latex/l3kernel/expl3.sty
Package: expl3 2022-02-24 L3 programming layer (loader) 
 (f:/texlive/2022/texmf-dist/tex/latex/l3backend/l3backend-pdftex.def
File: l3backend-pdftex.def 2022-02-07 L3 backend support: PDF output (pdfTeX)
\l__color_backend_stack_int=\count272
\l__pdf_internal_box=\box52
)) (f:/texlive/2022/texmf-dist/tex/latex/l3packages/xparse/xparse.sty
Package: xparse 2022-01-12 L3 Experimental document command parser
) (f:/texlive/2022/texmf-dist/tex/latex/etoolbox/etoolbox.sty
Package: etoolbox 2020/10/05 v2.5k e-TeX tools for LaTeX (JAW)
\etb@tempcnta=\count273
) (f:/texlive/2022/texmf-dist/tex/latex/preprint/balance.sty
Package: balance 1999/02/23 4.3 (PWD)
\oldvsize=\dimen151
) (f:/texlive/2022/texmf-dist/tex/latex/booktabs/booktabs.sty
Package: booktabs 2020/01/12 v1.61803398 Publication quality tables
\heavyrulewidth=\dimen152
\lightrulewidth=\dimen153
\cmidrulewidth=\dimen154
\belowrulesep=\dimen155
\belowbottomsep=\dimen156
\aboverulesep=\dimen157
\abovetopsep=\dimen158
\cmidrulesep=\dimen159
\cmidrulekern=\dimen160
\defaultaddspace=\dimen161
\@cmidla=\count274
\@cmidlb=\count275
\@aboverulesep=\dimen162
\@belowrulesep=\dimen163
\@thisruleclass=\count276
\@lastruleclass=\count277
\@thisrulewidth=\dimen164
) (f:/texlive/2022/texmf-dist/tex/latex/makecell/makecell.sty
Package: makecell 2009/08/03 V0.1e Managing of Tab Column Heads and Cells
 (f:/texlive/2022/texmf-dist/tex/latex/tools/array.sty
Package: array 2021/10/04 v2.5f Tabular extension package (FMi)
\col@sep=\dimen165
\ar@mcellbox=\box53
\extrarowheight=\dimen166
\NC@list=\toks22
\extratabsurround=\skip53
\backup@length=\skip54
\ar@cellbox=\box54
)
\rotheadsize=\dimen167
\c@nlinenum=\count278
\TeXr@lab=\toks23
) (f:/texlive/2022/texmf-dist/tex/latex/multirow/multirow.sty
Package: multirow 2021/03/15 v2.8 Span multiple rows of a table
\multirow@colwidth=\skip55
\multirow@cntb=\count279
\multirow@dima=\skip56
\bigstrutjot=\dimen168
) (f:/texlive/2022/texmf-dist/tex/latex/colortbl/colortbl.sty
Package: colortbl 2020/01/04 v1.0e Color table columns (DPC)
 (f:/texlive/2022/texmf-dist/tex/latex/graphics/color.sty
Package: color 2021/12/07 v1.3c Standard LaTeX Color (DPC)
 (f:/texlive/2022/texmf-dist/tex/latex/graphics-cfg/color.cfg
File: color.cfg 2016/01/02 v1.6 sample color configuration
)
Package color Info: Driver file: pdftex.def on input line 149.
)
\everycr=\toks24
\minrowclearance=\skip57
) (f:/texlive/2022/texmf-dist/tex/latex/tools/dcolumn.sty
Package: dcolumn 2014/10/28 v1.06 decimal alignment package (DPC)
) (f:/texlive/2022/texmf-dist/tex/latex/sttools/stfloats.sty
Package: stfloats 2017/03/27 v3.3 Improve float mechanism and baselineskip settings
\@dblbotnum=\count280
\c@dblbotnumber=\count281
) (f:/texlive/2022/texmf-dist/tex/latex/tools/xspace.sty
Package: xspace 2014/10/28 v1.13 Space after command names (DPC,MH)
) (f:/texlive/2022/texmf-dist/tex/generic/xstring/xstring.sty (f:/texlive/2022/texmf-dist/tex/generic/xstring/xstring.tex
\integerpart=\count282
\decimalpart=\count283
)
Package: xstring 2021/07/21 v1.84 String manipulations (CT)
) (f:/texlive/2022/texmf-dist/tex/latex/footmisc/footmisc.sty
Package: footmisc 2022/03/08 v6.0d a miscellany of footnote facilities
\FN@temptoken=\toks25
\footnotemargin=\dimen169
\@outputbox@depth=\dimen170
Package footmisc Info: Declaring symbol style bringhurst on input line 695.
Package footmisc Info: Declaring symbol style chicago on input line 703.
Package footmisc Info: Declaring symbol style wiley on input line 712.
Package footmisc Info: Declaring symbol style lamport-robust on input line 723.
Package footmisc Info: Declaring symbol style lamport* on input line 743.
Package footmisc Info: Declaring symbol style lamport*-robust on input line 764.
) (f:/texlive/2022/texmf-dist/tex/latex/xcolor/xcolor.sty
Package: xcolor 2021/10/31 v2.13 LaTeX color extensions (UK)
 (f:/texlive/2022/texmf-dist/tex/latex/graphics-cfg/color.cfg
File: color.cfg 2016/01/02 v1.6 sample color configuration
)
Package xcolor Info: Driver file: pdftex.def on input line 227.
LaTeX Info: Redefining \color on input line 711.
Package xcolor Info: Model `cmy' substituted by `cmy0' on input line 1352.
Package xcolor Info: Model `hsb' substituted by `rgb' on input line 1356.
Package xcolor Info: Model `RGB' extended on input line 1368.
Package xcolor Info: Model `HTML' substituted by `rgb' on input line 1370.
Package xcolor Info: Model `Hsb' substituted by `hsb' on input line 1371.
Package xcolor Info: Model `tHsb' substituted by `hsb' on input line 1372.
Package xcolor Info: Model `HSB' substituted by `hsb' on input line 1373.
Package xcolor Info: Model `Gray' substituted by `gray' on input line 1374.
Package xcolor Info: Model `wave' substituted by `hsb' on input line 1375.
 (f:/texlive/2022/texmf-dist/tex/latex/graphics/dvipsnam.def
File: dvipsnam.def 2016/06/17 v3.0m Driver-dependent file (DPC,SPQR)
) (f:/texlive/2022/texmf-dist/tex/latex/xcolor/svgnam.def
File: svgnam.def 2021/10/31 v2.13 Predefined colors according to SVG 1.1 (UK)
)) (f:/texlive/2022/texmf-dist/tex/latex/hyperref/hyperref.sty
Package: hyperref 2022-02-21 v7.00n Hypertext links for LaTeX
 (f:/texlive/2022/texmf-dist/tex/generic/ltxcmds/ltxcmds.sty
Package: ltxcmds 2020-05-10 v1.25 LaTeX kernel commands for general use (HO)
) (f:/texlive/2022/texmf-dist/tex/generic/iftex/iftex.sty
Package: iftex 2022/02/03 v1.0f TeX engine tests
) (f:/texlive/2022/texmf-dist/tex/generic/pdftexcmds/pdftexcmds.sty
Package: pdftexcmds 2020-06-27 v0.33 Utility functions of pdfTeX for LuaTeX (HO)
 (f:/texlive/2022/texmf-dist/tex/generic/infwarerr/infwarerr.sty
Package: infwarerr 2019/12/03 v1.5 Providing info/warning/error messages (HO)
)
Package pdftexcmds Info: \pdf@primitive is available.
Package pdftexcmds Info: \pdf@ifprimitive is available.
Package pdftexcmds Info: \pdfdraftmode found.
) (f:/texlive/2022/texmf-dist/tex/generic/kvsetkeys/kvsetkeys.sty
Package: kvsetkeys 2019/12/15 v1.18 Key value parser (HO)
) (f:/texlive/2022/texmf-dist/tex/generic/kvdefinekeys/kvdefinekeys.sty
Package: kvdefinekeys 2019-12-19 v1.6 Define keys (HO)
) (f:/texlive/2022/texmf-dist/tex/generic/pdfescape/pdfescape.sty
Package: pdfescape 2019/12/09 v1.15 Implements pdfTeX's escape features (HO)
) (f:/texlive/2022/texmf-dist/tex/latex/hycolor/hycolor.sty
Package: hycolor 2020-01-27 v1.10 Color options for hyperref/bookmark (HO)
) (f:/texlive/2022/texmf-dist/tex/latex/letltxmacro/letltxmacro.sty
Package: letltxmacro 2019/12/03 v1.6 Let assignment for LaTeX macros (HO)
) (f:/texlive/2022/texmf-dist/tex/latex/auxhook/auxhook.sty
Package: auxhook 2019-12-17 v1.6 Hooks for auxiliary files (HO)
) (f:/texlive/2022/texmf-dist/tex/latex/kvoptions/kvoptions.sty
Package: kvoptions 2020-10-07 v3.14 Key value format for package options (HO)
)
\@linkdim=\dimen171
\Hy@linkcounter=\count284
\Hy@pagecounter=\count285
 (f:/texlive/2022/texmf-dist/tex/latex/hyperref/pd1enc.def
File: pd1enc.def 2022-02-21 v7.00n Hyperref: PDFDocEncoding definition (HO)
Now handling font encoding PD1 ...
... no UTF-8 mapping file for font encoding PD1
) (f:/texlive/2022/texmf-dist/tex/generic/intcalc/intcalc.sty
Package: intcalc 2019/12/15 v1.3 Expandable calculations with integers (HO)
) (f:/texlive/2022/texmf-dist/tex/generic/etexcmds/etexcmds.sty
Package: etexcmds 2019/12/15 v1.7 Avoid name clashes with e-TeX commands (HO)
)
\Hy@SavedSpaceFactor=\count286
 (f:/texlive/2022/texmf-dist/tex/latex/hyperref/puenc.def
File: puenc.def 2022-02-21 v7.00n Hyperref: PDF Unicode definition (HO)
Now handling font encoding PU ...
... no UTF-8 mapping file for font encoding PU
)
Package hyperref Info: Option `colorlinks' set `true' on input line 4018.
Package hyperref Info: Hyper figures OFF on input line 4137.
Package hyperref Info: Link nesting OFF on input line 4142.
Package hyperref Info: Hyper index ON on input line 4145.
Package hyperref Info: Plain pages OFF on input line 4152.
Package hyperref Info: Backreferencing OFF on input line 4157.
Package hyperref Info: Implicit mode ON; LaTeX internals redefined.
Package hyperref Info: Bookmarks ON on input line 4390.
\c@Hy@tempcnt=\count287
 (f:/texlive/2022/texmf-dist/tex/latex/url/url.sty
\Urlmuskip=\muskip17
Package: url 2013/09/16  ver 3.4  Verb mode for urls, etc.
)
LaTeX Info: Redefining \url on input line 4749.
\XeTeXLinkMargin=\dimen172
 (f:/texlive/2022/texmf-dist/tex/generic/bitset/bitset.sty
Package: bitset 2019/12/09 v1.3 Handle bit-vector datatype (HO)
 (f:/texlive/2022/texmf-dist/tex/generic/bigintcalc/bigintcalc.sty
Package: bigintcalc 2019/12/15 v1.5 Expandable calculations on big integers (HO)
))
\Fld@menulength=\count288
\Field@Width=\dimen173
\Fld@charsize=\dimen174
Package hyperref Info: Hyper figures OFF on input line 6027.
Package hyperref Info: Link nesting OFF on input line 6032.
Package hyperref Info: Hyper index ON on input line 6035.
Package hyperref Info: backreferencing OFF on input line 6042.
Package hyperref Info: Link coloring ON on input line 6045.
Package hyperref Info: Link coloring with OCG OFF on input line 6052.
Package hyperref Info: PDF/A mode OFF on input line 6057.
LaTeX Info: Redefining \ref on input line 6097.
LaTeX Info: Redefining \pageref on input line 6101.
 (f:/texlive/2022/texmf-dist/tex/latex/base/atbegshi-ltx.sty
Package: atbegshi-ltx 2021/01/10 v1.0c Emulation of the original atbegshi
package with kernel methods
)
\Hy@abspage=\count289
\c@Item=\count290
\c@Hfootnote=\count291
)
Package hyperref Info: Driver (autodetected): hpdftex.
 (f:/texlive/2022/texmf-dist/tex/latex/hyperref/hpdftex.def
File: hpdftex.def 2022-02-21 v7.00n Hyperref driver for pdfTeX
 (f:/texlive/2022/texmf-dist/tex/latex/base/atveryend-ltx.sty
Package: atveryend-ltx 2020/08/19 v1.0a Emulation of the original atveryend package
with kernel methods
)
\Fld@listcount=\count292
\c@bookmark@seq@number=\count293
 (f:/texlive/2022/texmf-dist/tex/latex/rerunfilecheck/rerunfilecheck.sty
Package: rerunfilecheck 2019/12/05 v1.9 Rerun checks for auxiliary files (HO)
 (f:/texlive/2022/texmf-dist/tex/generic/uniquecounter/uniquecounter.sty
Package: uniquecounter 2019/12/15 v1.4 Provide unlimited unique counter (HO)
)
Package uniquecounter Info: New unique counter `rerunfilecheck' on input line 286.
)
\Hy@SectionHShift=\skip58
) (./cas-common.sty
\l_stm_title_before_dim=\dimen175
\l_stm_title_after_dim=\dimen176
\g_ead_int=\count294
\g_uad_int=\count295
\@eadauthor=\toks26
\g_stm_tnote_int=\count296
\g_stm_fnote_int=\count297
\g_stm_cor_int=\count298
\g_stm_au_int=\count299
\g_stm_aau_int=\count300
\l_autype_int=\count301
\l_stm_augroup_before_dim=\dimen177
\l_stm_augroup_after_dim=\dimen178
\l_stm_augroup_lskip_tl=\dimen179
\l_stm_augroup_rskip_tl=\dimen180
\g_stm_aff_int=\count302
\g_stm_aff_ext_int=\count303
\g_stm_aff_int_int=\count304
\g_stm_fn_aff_ext_int=\count305
\g_stm_fn_aff_int_int=\count306
\l_stm_aff_before_dim=\dimen181
\l_stm_aff_after_dim=\dimen182
\l_stm_aff_lskip_dim=\dimen183
\l_stm_aff_rskip_dim=\dimen184
\g_stm_augr_int=\count307
\g_stm_aaugr_int=\count308
 (f:/texlive/2022/texmf-dist/tex/latex/moreverb/moreverb.sty
Package: moreverb 2008/06/03 v2.3a `more' verbatim facilities
 (f:/texlive/2022/texmf-dist/tex/latex/tools/verbatim.sty
Package: verbatim 2020-07-07 v1.5u LaTeX2e package for verbatim enhancements
\every@verbatim=\toks27
\verbatim@line=\toks28
\verbatim@in@stream=\read2
)
\tab@position=\count309
\tab@size=\count310
\listing@line=\count311
)
\g_stm_abs_box=\box55
\casgrabsbox=\box56
\casauhlbox=\box57
\g_stm_key_box=\box58
\g_stm_jtype_int=\count312
\g_stm_blind_int=\count313
\c@au=\count314
\c@cnote=\count315
\c@tnote=\count316
\c@fnote=\count317
\c@aff=\count318
\g_stm_notes_box=\box59
\g_stm_front_box=\box60
\paraindent=\dimen185
\subparaindent=\dimen186
\FullWidth=\dimen187
\l_tbl_width_dim=\dimen188
\l_tbl_abovecap_skip=\skip59
\l_tbl_belowcap_skip=\skip60
\l_tbl_abovetbl_skip=\skip61
\l_tbl_belowtbl_skip=\skip62
\l_fig_width_dim=\dimen189
\cascaptionbox=\box61
\l_fig_abovecap_skip=\skip63
\l_fig_belowcap_skip=\skip64
\l_fig_abovefig_skip=\skip65
\l_fig_belowfig_skip=\skip66
 (f:/texlive/2022/texmf-dist/tex/latex/wrapfig/wrapfig.sty
\wrapoverhang=\dimen190
\WF@size=\dimen191
\c@WF@wrappedlines=\count319
\WF@box=\box62
\WF@everypar=\toks29
Package: wrapfig 2003/01/31  v 3.6
)
\l_wrap_figwidth_dim=\dimen192
\l_wrap_fighspace_dim=\dimen193
\l_wrap_figvspace_dim=\dimen194
\l_wrap_fighcorr_dim=\dimen195
\l_wrap_figvcorr_dim=\dimen196
\l_above_bio_dim=\dimen197
\l_wrap_figlcorr_int=\count320
\l_wrap_figlines_int=\count321
\l_bio_text_box=\box63
\c@ca_biography_ctr=\count322
\l_ca_temp_inta=\count323
\leftMargin=\dimen198
\@enLab=\toks30
\@sep=\skip67
\@@sep=\skip68
) (f:/texlive/2022/texmf-dist/tex/latex/base/fontenc.sty
Package: fontenc 2021/04/29 v2.0v Standard LaTeX package
) (f:/texlive/2022/texmf-dist/tex/latex/stix/stix.sty
Package: stix 2018/04/17 v1.1.3-latex STIX fonts support package
 (f:/texlive/2022/texmf-dist/tex/latex/base/textcomp.sty
Package: textcomp 2020/02/02 v2.0n Standard LaTeX package
LaTeX Font Info:    Changing ? sub-encoding to TS1/0 on input line 78.
)
Now handling font encoding LS1 ...
... no UTF-8 mapping file for font encoding LS1
Now handling font encoding LS2 ...
... no UTF-8 mapping file for font encoding LS2
LaTeX Font Info:    Redeclaring symbol font `letters' on input line 76.
LaTeX Font Info:    Encoding `OML' has changed to `LS1' for symbol font
(Font)              `letters' in the math version `normal' on input line 76.
LaTeX Font Info:    Overwriting symbol font `letters' in version `normal'
(Font)                  OML/cmm/m/it --> LS1/stix/m/it on input line 76.
LaTeX Font Info:    Encoding `OML' has changed to `LS1' for symbol font
(Font)              `letters' in the math version `bold' on input line 76.
LaTeX Font Info:    Overwriting symbol font `letters' in version `bold'
(Font)                  OML/cmm/b/it --> LS1/stix/m/it on input line 76.
LaTeX Font Info:    Redeclaring symbol font `operators' on input line 77.
LaTeX Font Info:    Encoding `OT1' has changed to `LS1' for symbol font
(Font)              `operators' in the math version `normal' on input line 77.
LaTeX Font Info:    Overwriting symbol font `operators' in version `normal'
(Font)                  OT1/cmr/m/n --> LS1/stix/m/n on input line 77.
LaTeX Font Info:    Encoding `OT1' has changed to `LS1' for symbol font
(Font)              `operators' in the math version `bold' on input line 77.
LaTeX Font Info:    Overwriting symbol font `operators' in version `bold'
(Font)                  OT1/cmr/bx/n --> LS1/stix/m/n on input line 77.
\symbold-operators=\mathgroup6
LaTeX Font Info:    Redeclaring symbol font `symbols' on input line 79.
LaTeX Font Info:    Encoding `OMS' has changed to `LS1' for symbol font
(Font)              `symbols' in the math version `normal' on input line 79.
LaTeX Font Info:    Overwriting symbol font `symbols' in version `normal'
(Font)                  OMS/cmsy/m/n --> LS1/stixscr/m/n on input line 79.
LaTeX Font Info:    Encoding `OMS' has changed to `LS1' for symbol font
(Font)              `symbols' in the math version `bold' on input line 79.
LaTeX Font Info:    Overwriting symbol font `symbols' in version `bold'
(Font)                  OMS/cmsy/b/n --> LS1/stixscr/m/n on input line 79.
\symsymbols2=\mathgroup7
\symsymbols3=\mathgroup8
\symsymbols4=\mathgroup9
\symintegrals=\mathgroup10
LaTeX Font Info:    Redeclaring symbol font `largesymbols' on input line 84.
LaTeX Font Info:    Encoding `OMX' has changed to `LS2' for symbol font
(Font)              `largesymbols' in the math version `normal' on input line 84.
LaTeX Font Info:    Overwriting symbol font `largesymbols' in version `normal'
(Font)                  OMX/cmex/m/n --> LS2/stixex/m/n on input line 84.
LaTeX Font Info:    Encoding `OMX' has changed to `LS2' for symbol font
(Font)              `largesymbols' in the math version `bold' on input line 84.
LaTeX Font Info:    Overwriting symbol font `largesymbols' in version `bold'
(Font)                  OMX/cmex/m/n --> LS2/stixex/m/n on input line 84.
\symarrows1=\mathgroup11
\symarrows2=\mathgroup12
\symarrows3=\mathgroup13
LaTeX Font Info:    Overwriting symbol font `letters' in version `bold'
(Font)                  LS1/stix/m/it --> LS1/stix/b/it on input line 88.
LaTeX Font Info:    Overwriting symbol font `operators' in version `bold'
(Font)                  LS1/stix/m/n --> LS1/stix/b/n on input line 89.
LaTeX Font Info:    Overwriting symbol font `symbols' in version `bold'
(Font)                  LS1/stixscr/m/n --> LS1/stixscr/b/n on input line 90.
LaTeX Font Info:    Overwriting symbol font `symbols2' in version `bold'
(Font)                  LS1/stixfrak/m/n --> LS1/stixfrak/b/n on input line 91.
LaTeX Font Info:    Overwriting symbol font `symbols3' in version `bold'
(Font)                  LS1/stixbb/m/n --> LS1/stixbb/b/n on input line 92.
LaTeX Font Info:    Overwriting symbol font `symbols4' in version `bold'
(Font)                  LS1/stixbb/m/it --> LS1/stixbb/b/it on input line 93.
LaTeX Font Info:    Overwriting symbol font `integrals' in version `bold'
(Font)                  LS2/stixcal/m/n --> LS2/stixcal/b/n on input line 94.
LaTeX Font Info:    Overwriting symbol font `largesymbols' in version `bold'
(Font)                  LS2/stixex/m/n --> LS2/stixex/b/n on input line 95.
LaTeX Font Info:    Overwriting symbol font `arrows1' in version `bold'
(Font)                  LS1/stixsf/m/n --> LS1/stixsf/b/n on input line 96.
LaTeX Font Info:    Overwriting symbol font `arrows2' in version `bold'
(Font)                  LS1/stixsf/m/it --> LS1/stixsf/b/it on input line 97.
LaTeX Font Info:    Overwriting symbol font `arrows3' in version `bold'
(Font)                  LS2/stixtt/m/n --> LS2/stixtt/b/n on input line 98.
LaTeX Font Info:    Redeclaring math alphabet \mathit on input line 99.
LaTeX Font Info:    Redeclaring math alphabet \mathfrak on input line 102.
LaTeX Font Info:    Redeclaring math alphabet \mathsf on input line 106.
LaTeX Font Info:    Redeclaring math alphabet \mathtt on input line 108.
LaTeX Font Info:    Redeclaring math alphabet \mathbf on input line 109.
LaTeX Info: Redefining \yen on input line 456.
LaTeX Info: Redefining \circledR on input line 458.
LaTeX Info: Redefining \checkmark on input line 460.
LaTeX Info: Redefining \maltese on input line 461.
LaTeX Font Info:    Redeclaring math accent \grave on input line 698.
LaTeX Font Info:    Redeclaring math accent \acute on input line 699.
LaTeX Font Info:    Redeclaring math accent \hat on input line 700.
LaTeX Font Info:    Redeclaring math accent \tilde on input line 701.
LaTeX Font Info:    Redeclaring math accent \bar on input line 702.
LaTeX Font Info:    Redeclaring math accent \breve on input line 703.
LaTeX Font Info:    Redeclaring math accent \dot on input line 704.
LaTeX Font Info:    Redeclaring math accent \ddot on input line 705.
LaTeX Font Info:    Redeclaring math accent \mathring on input line 707.
LaTeX Font Info:    Redeclaring math accent \check on input line 708.
LaTeX Font Info:    Redeclaring math accent \vec on input line 716.
LaTeX Font Info:    Redeclaring math accent \widehat on input line 728.
LaTeX Font Info:    Redeclaring math accent \widetilde on input line 729.
LaTeX Info: Redefining \vdots on input line 1518.
LaTeX Info: Redefining \cdots on input line 1522.
LaTeX Font Info:    Redeclaring math symbol \mathsterling on input line 1978.
LaTeX Info: Redefining \not on input line 2144.
) (f:/texlive/2022/texmf-dist/tex/latex/inconsolata/inconsolata.sty
Package: inconsolata 2019/05/17 v1.12
 `inconsolata-zi4' v1.12, 2019/05/17 Text macros for Inconsolata (msharpe) (f:/texlive/2022/texmf-dist/tex/latex/xkeyval/xkeyval.sty
Package: xkeyval 2020/11/20 v2.8 package option processing (HA)
 (f:/texlive/2022/texmf-dist/tex/generic/xkeyval/xkeyval.tex (f:/texlive/2022/texmf-dist/tex/generic/xkeyval/xkvutils.tex
\XKV@toks=\toks31
\XKV@tempa@toks=\toks32
)
\XKV@depth=\count324
File: xkeyval.tex 2014/12/03 v2.7a key=value parser (HA)
))
\zifour@ocount=\count325
) (f:/texlive/2022/texmf-dist/tex/latex/geometry/geometry.sty
Package: geometry 2020/01/02 v5.9 Page Geometry
 (f:/texlive/2022/texmf-dist/tex/generic/iftex/ifvtex.sty
Package: ifvtex 2019/10/25 v1.7 ifvtex legacy package. Use iftex instead.
)
\Gm@cnth=\count326
\Gm@cntv=\count327
\c@Gm@tempcnt=\count328
\Gm@bindingoffset=\dimen199
\Gm@wd@mp=\dimen256
\Gm@odd@mp=\dimen257
\Gm@even@mp=\dimen258
\Gm@layoutwidth=\dimen259
\Gm@layoutheight=\dimen260
\Gm@layouthoffset=\dimen261
\Gm@layoutvoffset=\dimen262
\Gm@dimlist=\toks33
)) (f:/texlive/2022/texmf-dist/tex/latex/natbib/natbib.sty
Package: natbib 2010/09/13 8.31b (PWD, AO)
\bibhang=\skip69
\bibsep=\skip70
LaTeX Info: Redefining \cite on input line 694.
\c@NAT@ctr=\count329
)
LaTeX Font Info:    Trying to load font information for T1+stix on input line 46.
 (f:/texlive/2022/texmf-dist/tex/latex/stix/t1stix.fd
File: t1stix.fd 2015/04/17 v1.1.2-latex STIX T1 font definitions
) (./cas-dc-template.aux)
\openout1 = `cas-dc-template.aux'.

LaTeX Font Info:    Checking defaults for OML/cmm/m/it on input line 46.
LaTeX Font Info:    ... okay on input line 46.
LaTeX Font Info:    Checking defaults for OMS/cmsy/m/n on input line 46.
LaTeX Font Info:    ... okay on input line 46.
LaTeX Font Info:    Checking defaults for OT1/cmr/m/n on input line 46.
LaTeX Font Info:    ... okay on input line 46.
LaTeX Font Info:    Checking defaults for T1/cmr/m/n on input line 46.
LaTeX Font Info:    ... okay on input line 46.
LaTeX Font Info:    Checking defaults for TS1/cmr/m/n on input line 46.
LaTeX Font Info:    ... okay on input line 46.
LaTeX Font Info:    Checking defaults for OMX/cmex/m/n on input line 46.
LaTeX Font Info:    ... okay on input line 46.
LaTeX Font Info:    Checking defaults for U/cmr/m/n on input line 46.
LaTeX Font Info:    ... okay on input line 46.
LaTeX Font Info:    Checking defaults for PD1/pdf/m/n on input line 46.
LaTeX Font Info:    ... okay on input line 46.
LaTeX Font Info:    Checking defaults for PU/pdf/m/n on input line 46.
LaTeX Font Info:    ... okay on input line 46.
LaTeX Font Info:    Checking defaults for LS1/stix/m/n on input line 46.
LaTeX Font Info:    Trying to load font information for LS1+stix on input line 46.
 (f:/texlive/2022/texmf-dist/tex/latex/stix/ls1stix.fd
File: ls1stix.fd 2015/04/17 v1.1.2-latex STIX LS1 font definitions
)
LaTeX Font Info:    ... okay on input line 46.
LaTeX Font Info:    Checking defaults for LS2/stix/m/n on input line 46.
LaTeX Font Info:    Trying to load font information for LS2+stix on input line 46.
 (f:/texlive/2022/texmf-dist/tex/latex/stix/ls2stix.fd
File: ls2stix.fd 2015/04/17 v1.1.2-latex STIX LS2 font definitions
)
LaTeX Font Info:    ... okay on input line 46.
 (f:/texlive/2022/texmf-dist/tex/context/base/mkii/supp-pdf.mkii
[Loading MPS to PDF converter (version 2006.09.02).]
\scratchcounter=\count330
\scratchdimen=\dimen263
\scratchbox=\box64
\nofMPsegments=\count331
\nofMParguments=\count332
\everyMPshowfont=\toks34
\MPscratchCnt=\count333
\MPscratchDim=\dimen264
\MPnumerator=\count334
\makeMPintoPDFobject=\count335
\everyMPtoPDFconversion=\toks35
) (f:/texlive/2022/texmf-dist/tex/latex/epstopdf-pkg/epstopdf-base.sty
Package: epstopdf-base 2020-01-24 v2.11 Base part for package epstopdf
 (f:/texlive/2022/texmf-dist/tex/latex/grfext/grfext.sty
Package: grfext 2019/12/03 v1.3 Manage graphics extensions (HO)
)
Package epstopdf-base Info: Redefining graphics rule for `.eps' on input line 485.
Package grfext Info: Graphics extension search list:
(grfext)             [.pdf,.png,.jpg,.mps,.jpeg,.jbig2,.jb2,.PDF,.PNG,.JPG,.JPEG,.JBIG2,.JB2,.eps]
(grfext)             \AppendGraphicsExtensions on input line 504.
 (f:/texlive/2022/texmf-dist/tex/latex/latexconfig/epstopdf-sys.cfg
File: epstopdf-sys.cfg 2010/07/13 v1.3 Configuration of (r)epstopdf for TeX Live
))
Package hyperref Info: Link coloring ON on input line 46.
 (f:/texlive/2022/texmf-dist/tex/latex/hyperref/nameref.sty
Package: nameref 2021-04-02 v2.47 Cross-referencing by name of section
 (f:/texlive/2022/texmf-dist/tex/latex/refcount/refcount.sty
Package: refcount 2019/12/15 v3.6 Data extraction from label references (HO)
) (f:/texlive/2022/texmf-dist/tex/generic/gettitlestring/gettitlestring.sty
Package: gettitlestring 2019/12/15 v1.6 Cleanup title references (HO)
)
\c@section@level=\count336
)
LaTeX Info: Redefining \ref on input line 46.
LaTeX Info: Redefining \pageref on input line 46.
LaTeX Info: Redefining \nameref on input line 46.
 (./cas-dc-template.out) (./cas-dc-template.out)
\@outlinefile=\write3
\openout3 = `cas-dc-template.out'.

 (f:/texlive/2022/texmf-dist/tex/latex/upquote/upquote.sty
Package: upquote 2012/04/19 v1.3 upright-quote and grave-accent glyphs in verbatim
)
*geometry* driver: auto-detecting
*geometry* detected driver: pdftex
*geometry* verbose mode - [ preamble ] result:
* driver: pdftex
* paper: custom
* layout: <same size as paper>
* layoutoffset:(h,v)=(0.0pt,0.0pt)
* modes: 
* h-part:(L,W,R)=(51.4995pt, 494.50888pt, 51.4995pt)
* v-part:(T,H,B)=(55.48286pt, 689.4103pt, 51.784pt)
* \paperwidth=597.50787pt
* \paperheight=796.67715pt
* \textwidth=494.50888pt
* \textheight=689.4103pt
* \oddsidemargin=-20.7705pt
* \evensidemargin=-20.7705pt
* \topmargin=-40.78712pt
* \headheight=12.0pt
* \headsep=12.0pt
* \topskip=10.0pt
* \footskip=12.0pt
* \marginparwidth=57.0pt
* \marginparsep=11.0pt
* \columnsep=18.0pt
* \skip\footins=9.0pt plus 4.0pt minus 2.0pt
* \hoffset=0.0pt
* \voffset=0.0pt
* \mag=1000
* \@twocolumnfalse
* \@twosidefalse
* \@mparswitchfalse
* \@reversemarginfalse
* (1in=72.27pt=25.4mm, 1cm=28.453pt)

\verbatim@out=\write4
\openout4 = `cas-dc-template.abs'.

LaTeX Font Info:    Trying to load font information for LS1+stixscr on input line 165.
(f:/texlive/2022/texmf-dist/tex/latex/stix/ls1stixscr.fd
File: ls1stixscr.fd 2015/04/17 v1.1.2-latex STIX script LS1 font definitions
)
LaTeX Font Info:    Trying to load font information for LS2+stixex on input line 165.
 (f:/texlive/2022/texmf-dist/tex/latex/stix/ls2stixex.fd
File: ls2stixex.fd 2015/04/17 v1.1.2-latex STIX extentions LS2 font definitions
)
LaTeX Font Info:    Trying to load font information for U+msa on input line 165.
 (f:/texlive/2022/texmf-dist/tex/latex/amsfonts/umsa.fd
File: umsa.fd 2013/01/14 v3.01 AMS symbols A
)
LaTeX Font Info:    Trying to load font information for U+msb on input line 165.
 (f:/texlive/2022/texmf-dist/tex/latex/amsfonts/umsb.fd
File: umsb.fd 2013/01/14 v3.01 AMS symbols B
)
LaTeX Font Info:    Trying to load font information for LS1+stixfrak on input line 165.
 (f:/texlive/2022/texmf-dist/tex/latex/stix/ls1stixfrak.fd
File: ls1stixfrak.fd 2015/04/17 v1.1.2-latex STIX fraktur LS1 font definitions
)
LaTeX Font Info:    Trying to load font information for LS1+stixbb on input line 165.
 (f:/texlive/2022/texmf-dist/tex/latex/stix/ls1stixbb.fd
File: ls1stixbb.fd 2015/04/17 v1.1.2-latex STIX blackboard LS1 font definitions
)
LaTeX Font Info:    Trying to load font information for LS2+stixcal on input line 165.
 (f:/texlive/2022/texmf-dist/tex/latex/stix/ls2stixcal.fd
File: ls2stixcal.fd 2015/04/17 v1.1.2-latex STIX calligraphic LS2 font definitions
)
LaTeX Font Info:    Trying to load font information for LS1+stixsf on input line 165.
 (f:/texlive/2022/texmf-dist/tex/latex/stix/ls1stixsf.fd
File: ls1stixsf.fd 2015/04/17 v1.1.2-latex STIX sans-serif LS1 font definitions
)
LaTeX Font Info:    Trying to load font information for LS2+stixtt on input line 165.
 (f:/texlive/2022/texmf-dist/tex/latex/stix/ls2stixtt.fd
File: ls2stixtt.fd 2015/04/17 v1.1.2-latex STIX typewriter LS2 font definitions
)
Overfull \hbox (123.62721pt too wide) detected at line 165
[]
 []

(./cas-dc-template.abs)

Package hyperref Warning: Ignoring empty anchor on input line 165.


Package hyperref Warning: Ignoring empty anchor on input line 165.


Package hyperref Warning: Ignoring empty anchor on input line 165.


Package hyperref Warning: Ignoring empty anchor on input line 165.

<thumbnails/cas-email.jpeg, id=4, 225.84375pt x 225.84375pt>
File: thumbnails/cas-email.jpeg Graphic file (type jpg)
<use thumbnails/cas-email.jpeg>
Package pdftex.def Info: thumbnails/cas-email.jpeg  used on input line 165.
(pdftex.def)             Requested size: 7.99838pt x 8.0pt.
LaTeX Font Info:    Trying to load font information for T1+zi4 on input line 165.
(f:/texlive/2022/texmf-dist/tex/latex/inconsolata/t1zi4.fd
File: t1zi4.fd 2018/01/14 T1/zi4 (Inconsolata)
)
LaTeX Font Info:    Font shape `T1/zi4/m/n' will be
(Font)              scaled to size 6.80005pt on input line 165.


Package hyperref Warning: Ignoring empty anchor on input line 165.

LaTeX Font Info:    Trying to load font information for T1+cmss on input line 196.
(f:/texlive/2022/texmf-dist/tex/latex/base/t1cmss.fd
File: t1cmss.fd 2019/12/16 v2.5j Standard LaTeX font definitions
)
Package epstopdf Info: Source file: <output/fig1.eps>
(epstopdf)                    date: 2024-02-07 16:58:47
(epstopdf)                    size: 522738 bytes
(epstopdf)             Output file: <output/fig1-eps-converted-to.pdf>
(epstopdf)                    date: 2024-02-07 16:58:47
(epstopdf)                    size: 67157 bytes
(epstopdf)             Command: <repstopdf --outfile=output/fig1-eps-converted-to.pdf output/fig1.eps>
(epstopdf)             \includegraphics on input line 199.
Package epstopdf Info: Output file is already uptodate.
<output/fig1-eps-converted-to.pdf, id=9, 610.28pt x 556.0775pt>
File: output/fig1-eps-converted-to.pdf Graphic file (type pdf)
<use output/fig1-eps-converted-to.pdf>
Package pdftex.def Info: output/fig1-eps-converted-to.pdf  used on input line 199.
(pdftex.def)             Requested size: 238.25035pt x 180.67213pt.

Overfull \hbox (4.22722pt too wide) in paragraph at lines 208--232
[]\T1/stix/m/n/10 In re-sponse to such chal-lenges, Google [][]McMa-han, Moore,
 []

[1{f:/texlive/2022/texmf-var/fonts/map/pdftex/updmap/pdftex.map}


 <./thumbnails/cas-email.jpeg> <./output/fig1-eps-converted-to.pdf>]
Package epstopdf Info: Source file: <output/fig2.eps>
(epstopdf)                    date: 2024-02-07 16:58:47
(epstopdf)                    size: 1601216 bytes
(epstopdf)             Output file: <output/fig2-eps-converted-to.pdf>
(epstopdf)                    date: 2024-02-07 16:58:47
(epstopdf)                    size: 59915 bytes
(epstopdf)             Command: <repstopdf --outfile=output/fig2-eps-converted-to.pdf output/fig2.eps>
(epstopdf)             \includegraphics on input line 235.
Package epstopdf Info: Output file is already uptodate.
<output/fig2-eps-converted-to.pdf, id=68, 989.6975pt x 682.55pt>
File: output/fig2-eps-converted-to.pdf Graphic file (type pdf)
<use output/fig2-eps-converted-to.pdf>
Package pdftex.def Info: output/fig2-eps-converted-to.pdf  used on input line 235.
(pdftex.def)             Requested size: 238.24202pt x 180.6666pt.
Package epstopdf Info: Source file: <output/fig3.eps>
(epstopdf)                    date: 2024-02-07 16:58:47
(epstopdf)                    size: 486980 bytes
(epstopdf)             Output file: <output/fig3-eps-converted-to.pdf>
(epstopdf)                    date: 2024-02-07 16:58:47
(epstopdf)                    size: 56972 bytes
(epstopdf)             Command: <repstopdf --outfile=output/fig3-eps-converted-to.pdf output/fig3.eps>
(epstopdf)             \includegraphics on input line 245.
Package epstopdf Info: Output file is already uptodate.
<output/fig3-eps-converted-to.pdf, id=69, 694.595pt x 524.96124pt>
File: output/fig3-eps-converted-to.pdf Graphic file (type pdf)
<use output/fig3-eps-converted-to.pdf>
Package pdftex.def Info: output/fig3-eps-converted-to.pdf  used on input line 245.
(pdftex.def)             Requested size: 238.2577pt x 180.67125pt.
LaTeX Font Info:    Trying to load font information for TS1+cmss on input line 262.
 (f:/texlive/2022/texmf-dist/tex/latex/base/ts1cmss.fd
File: ts1cmss.fd 2019/12/16 v2.5j Standard LaTeX font definitions
)
Overfull \hbox (12.13335pt too wide) in paragraph at lines 258--270
 [][] 
 []

[2 <./output/fig2-eps-converted-to.pdf> <./output/fig3-eps-converted-to.pdf>]
Package epstopdf Info: Source file: <output/fig4.eps>
(epstopdf)                    date: 2024-02-07 16:58:47
(epstopdf)                    size: 5201479 bytes
(epstopdf)             Output file: <output/fig4-eps-converted-to.pdf>
(epstopdf)                    date: 2024-02-07 16:58:47
(epstopdf)                    size: 374466 bytes
(epstopdf)             Command: <repstopdf --outfile=output/fig4-eps-converted-to.pdf output/fig4.eps>
(epstopdf)             \includegraphics on input line 310.
Package epstopdf Info: Output file is already uptodate.
<output/fig4-eps-converted-to.pdf, id=217, 995.72pt x 647.41875pt>
File: output/fig4-eps-converted-to.pdf Graphic file (type pdf)
<use output/fig4-eps-converted-to.pdf>
Package pdftex.def Info: output/fig4-eps-converted-to.pdf  used on input line 310.
(pdftex.def)             Requested size: 238.2484pt x 180.6734pt.
 [3 <./output/fig4-eps-converted-to.pdf>]
Package epstopdf Info: Source file: <output/fig5.eps>
(epstopdf)                    date: 2024-02-07 16:58:47
(epstopdf)                    size: 27994329 bytes
(epstopdf)             Output file: <output/fig5-eps-converted-to.pdf>
(epstopdf)                    date: 2024-02-07 16:58:47
(epstopdf)                    size: 1744066 bytes
(epstopdf)             Command: <repstopdf --outfile=output/fig5-eps-converted-to.pdf output/fig5.eps>
(epstopdf)             \includegraphics on input line 462.
Package epstopdf Info: Output file is already uptodate.
<output/fig5-eps-converted-to.pdf, id=331, 994.71625pt x 729.72626pt>
File: output/fig5-eps-converted-to.pdf Graphic file (type pdf)
<use output/fig5-eps-converted-to.pdf>
Package pdftex.def Info: output/fig5-eps-converted-to.pdf  used on input line 462.
(pdftex.def)             Requested size: 238.25107pt x 180.67183pt.


LaTeX Warning: `h' float specifier changed to `ht'.

[4]
Package epstopdf Info: Source file: <output/fig6.eps>
(epstopdf)                    date: 2024-02-07 16:58:47
(epstopdf)                    size: 7601969 bytes
(epstopdf)             Output file: <output/fig6-eps-converted-to.pdf>
(epstopdf)                    date: 2024-02-07 16:58:47
(epstopdf)                    size: 257240 bytes
(epstopdf)             Command: <repstopdf --outfile=output/fig6-eps-converted-to.pdf output/fig6.eps>
(epstopdf)             \includegraphics on input line 526.
Package epstopdf Info: Output file is already uptodate.
<output/fig6-eps-converted-to.pdf, id=362, 964.60374pt x 412.54124pt>
File: output/fig6-eps-converted-to.pdf Graphic file (type pdf)
<use output/fig6-eps-converted-to.pdf>
Package pdftex.def Info: output/fig6-eps-converted-to.pdf  used on input line 526.
(pdftex.def)             Requested size: 238.25076pt x 108.40385pt.
Package epstopdf Info: Source file: <output/fig7.eps>
(epstopdf)                    date: 2024-02-07 16:58:47
(epstopdf)                    size: 13632709 bytes
(epstopdf)             Output file: <output/fig7-eps-converted-to.pdf>
(epstopdf)                    date: 2024-02-07 16:58:47
(epstopdf)                    size: 413548 bytes
(epstopdf)             Command: <repstopdf --outfile=output/fig7-eps-converted-to.pdf output/fig7.eps>
(epstopdf)             \includegraphics on input line 560.
Package epstopdf Info: Output file is already uptodate.
<output/fig7-eps-converted-to.pdf, id=368, 980.66376pt x 500.87125pt>
File: output/fig7-eps-converted-to.pdf Graphic file (type pdf)
<use output/fig7-eps-converted-to.pdf>
Package pdftex.def Info: output/fig7-eps-converted-to.pdf  used on input line 560.
(pdftex.def)             Requested size: 238.2521pt x 180.67271pt.


LaTeX Warning: `h' float specifier changed to `ht'.

[5 <./output/fig5-eps-converted-to.pdf> <./output/fig6-eps-converted-to.pdf>]
Package epstopdf Info: Source file: <output/fig8.eps>
(epstopdf)                    date: 2024-02-07 16:58:47
(epstopdf)                    size: 294645 bytes
(epstopdf)             Output file: <output/fig8-eps-converted-to.pdf>
(epstopdf)                    date: 2024-02-07 16:58:47
(epstopdf)                    size: 36449 bytes
(epstopdf)             Command: <repstopdf --outfile=output/fig8-eps-converted-to.pdf output/fig8.eps>
(epstopdf)             \includegraphics on input line 630.
Package epstopdf Info: Output file is already uptodate.
<output/fig8-eps-converted-to.pdf, id=450, 963.6pt x 542.025pt>
File: output/fig8-eps-converted-to.pdf Graphic file (type pdf)
<use output/fig8-eps-converted-to.pdf>
Package pdftex.def Info: output/fig8-eps-converted-to.pdf  used on input line 630.
(pdftex.def)             Requested size: 494.5025pt x 252.9405pt.
 [6 <./output/fig7-eps-converted-to.pdf>]
Underfull \hbox (badness 1424) in paragraph at lines 697--705
\T1/stix/m/n/10 be-gin with model fil-ter-ing. Fung et al. pro-pose Fools-
 []

Package epstopdf Info: Source file: <output/fig9.eps>
(epstopdf)                    date: 2024-02-07 16:58:47
(epstopdf)                    size: 527181 bytes
(epstopdf)             Output file: <output/fig9-eps-converted-to.pdf>
(epstopdf)                    date: 2024-02-07 16:58:47
(epstopdf)                    size: 97689 bytes
(epstopdf)             Command: <repstopdf --outfile=output/fig9-eps-converted-to.pdf output/fig9.eps>
(epstopdf)             \includegraphics on input line 708.
Package epstopdf Info: Output file is already uptodate.
<output/fig9-eps-converted-to.pdf, id=493, 952.55875pt x 312.16624pt>
File: output/fig9-eps-converted-to.pdf Graphic file (type pdf)
<use output/fig9-eps-converted-to.pdf>
Package pdftex.def Info: output/fig9-eps-converted-to.pdf  used on input line 708.
(pdftex.def)             Requested size: 238.25537pt x 72.26828pt.

LaTeX Warning: `h' float specifier changed to `ht'.

Package epstopdf Info: Source file: <output/fig10.eps>
(epstopdf)                    date: 2024-02-07 16:58:47
(epstopdf)                    size: 6189495 bytes
(epstopdf)             Output file: <output/fig10-eps-converted-to.pdf>
(epstopdf)                    date: 2024-02-07 16:58:47
(epstopdf)                    size: 230651 bytes
(epstopdf)             Command: <repstopdf --outfile=output/fig10-eps-converted-to.pdf output/fig10.eps>
(epstopdf)             \includegraphics on input line 729.
Package epstopdf Info: Output file is already uptodate.
<output/fig10-eps-converted-to.pdf, id=494, 948.54375pt x 461.725pt>
File: output/fig10-eps-converted-to.pdf Graphic file (type pdf)
<use output/fig10-eps-converted-to.pdf>
Package pdftex.def Info: output/fig10-eps-converted-to.pdf  used on input line 729.
(pdftex.def)             Requested size: 238.24982pt x 144.5353pt.
[7 <./output/fig8-eps-converted-to.pdf> <./output/fig9-eps-converted-to.pdf> <./output/fig10-eps-converted-to.pdf>]
Overfull \hbox (16.5897pt too wide) in paragraph at lines 754--773
\T1/stix/m/n/10 Möl-ler-ing, Fer-ei-dooni, Mar-chal, Mi-et-ti-nen, Mirho-seini, Sadeghi,
 []


Underfull \hbox (badness 1028) in paragraph at lines 754--773
\T1/stix/m/n/10 checks for lo-cally up-dated up-dates with clear back-door
 []


Underfull \hbox (badness 1424) in paragraph at lines 793--811
\T1/stix/m/n/10 dreina, Mar-son, Möl-ler-ing and Karame[][] ([][]2021[][]) pro-pose
 []

Package epstopdf Info: Source file: <output/fig11.eps>
(epstopdf)                    date: 2024-02-07 16:58:47
(epstopdf)                    size: 6408345 bytes
(epstopdf)             Output file: <output/fig11-eps-converted-to.pdf>
(epstopdf)                    date: 2024-02-07 16:58:47
(epstopdf)                    size: 482336 bytes
(epstopdf)             Command: <repstopdf --outfile=output/fig11-eps-converted-to.pdf output/fig11.eps>
(epstopdf)             \includegraphics on input line 814.
Package epstopdf Info: Output file is already uptodate.
<output/fig11-eps-converted-to.pdf, id=601, 1138.2525pt x 854.19125pt>
File: output/fig11-eps-converted-to.pdf Graphic file (type pdf)
<use output/fig11-eps-converted-to.pdf>
Package pdftex.def Info: output/fig11-eps-converted-to.pdf  used on input line 814.
(pdftex.def)             Requested size: 238.24113pt x 180.66278pt.

Underfull \hbox (badness 1817) in paragraph at lines 825--866
\T1/stix/m/n/10 Li[][] ([][]2021[][]) pro-pose the first gen-eral de-fense frame-work
 []


Underfull \hbox (badness 1048) in paragraph at lines 825--866
\T1/stix/m/n/10 CRFL for train-ing cer-ti-fi-ably ro-bust FL mod-els against
 []


Underfull \hbox (badness 1264) in paragraph at lines 825--866
\T1/stix/m/n/10 en-hance de-fense per-for-mance [][]Nguyen, Rieger, De Viti,
 []


Underfull \hbox (badness 1824) in paragraph at lines 825--866
\T1/stix/m/n/10 layer rep-re-sen-ta-tion val-ues. FLARE as-sumes that most
 []


Underfull \hbox (badness 1635) in paragraph at lines 825--866
\T1/stix/m/n/10 part. The ar-ti-cle lever-ages two in-her-ent weak-nesses of
 []

[8 <./output/fig11-eps-converted-to.pdf>]
Underfull \hbox (badness 1033) in paragraph at lines 868--891
[]\T1/stix/m/n/10 (3)Model Re-con-struc-tion: The model reconstruction-
 []


Underfull \hbox (badness 1546) in paragraph at lines 868--891
\T1/stix/m/n/10 based ap-proach aims to elim-i-nate hid-den back-doors in
 []


Underfull \hbox (badness 1178) in paragraph at lines 868--891
\T1/stix/m/n/10 Cog-ni-tive Dis-tills to ex-tract Cog-ni-tive pat-terns. This is
 []


Underfull \hbox (badness 1521) in paragraph at lines 903--915
\T1/stix/m/n/10 Xin and Wu[][] ([][]2020[][]) to syn-the-size trig-ger dis-tri-bu-tions.
 []

Package epstopdf Info: Source file: <output/fig12.eps>
(epstopdf)                    date: 2024-02-07 16:58:47
(epstopdf)                    size: 18894179 bytes
(epstopdf)             Output file: <output/fig12-eps-converted-to.pdf>
(epstopdf)                    date: 2024-02-07 16:58:47
(epstopdf)                    size: 1353728 bytes
(epstopdf)             Command: <repstopdf --outfile=output/fig12-eps-converted-to.pdf output/fig12.eps>
(epstopdf)             \includegraphics on input line 944.
Package epstopdf Info: Output file is already uptodate.
<output/fig12-eps-converted-to.pdf, id=678, 2845.63126pt x 2276.505pt>
File: output/fig12-eps-converted-to.pdf Graphic file (type pdf)
<use output/fig12-eps-converted-to.pdf>
Package pdftex.def Info: output/fig12-eps-converted-to.pdf  used on input line 944.
(pdftex.def)             Requested size: 242.28795pt x 180.66518pt.

Overfull \hbox (252.19682pt too wide) in paragraph at lines 945--945
 []$[]$
 []

Package epstopdf Info: Source file: <output/fig13.eps>
(epstopdf)                    date: 2024-02-07 16:58:47
(epstopdf)                    size: 2649312 bytes
(epstopdf)             Output file: <output/fig13-eps-converted-to.pdf>
(epstopdf)                    date: 2024-02-07 16:58:47
(epstopdf)                    size: 588410 bytes
(epstopdf)             Command: <repstopdf --outfile=output/fig13-eps-converted-to.pdf output/fig13.eps>
(epstopdf)             \includegraphics on input line 950.
Package epstopdf Info: Output file is already uptodate.
<output/fig13-eps-converted-to.pdf, id=679, 806.01125pt x 617.30624pt>
File: output/fig13-eps-converted-to.pdf Graphic file (type pdf)
<use output/fig13-eps-converted-to.pdf>
Package pdftex.def Info: output/fig13-eps-converted-to.pdf  used on input line 950.
(pdftex.def)             Requested size: 242.30948pt x 180.67203pt.

Overfull \hbox (252.19682pt too wide) in paragraph at lines 951--951
 []$[]$
 []

Package epstopdf Info: Source file: <output/fig14.eps>
(epstopdf)                    date: 2024-02-07 16:58:47
(epstopdf)                    size: 1191435 bytes
(epstopdf)             Output file: <output/fig14-eps-converted-to.pdf>
(epstopdf)                    date: 2024-02-07 16:58:47
(epstopdf)                    size: 96232 bytes
(epstopdf)             Command: <repstopdf --outfile=output/fig14-eps-converted-to.pdf output/fig14.eps>
(epstopdf)             \includegraphics on input line 961.
Package epstopdf Info: Output file is already uptodate.
<output/fig14-eps-converted-to.pdf, id=680, 950.55125pt x 718.685pt>
File: output/fig14-eps-converted-to.pdf Graphic file (type pdf)
<use output/fig14-eps-converted-to.pdf>
Package pdftex.def Info: output/fig14-eps-converted-to.pdf  used on input line 961.
(pdftex.def)             Requested size: 238.2464pt x 180.66873pt.

LaTeX Warning: `h' float specifier changed to `ht'.

[9] [10 <./output/fig12-eps-converted-to.pdf> <./output/fig13-eps-converted-to.pdf> <./output/fig14-eps-converted-to.pdf>]
Package epstopdf Info: Source file: <output/fig15.eps>
(epstopdf)                    date: 2024-02-07 16:58:47
(epstopdf)                    size: 1267278 bytes
(epstopdf)             Output file: <output/fig15-eps-converted-to.pdf>
(epstopdf)                    date: 2024-02-07 16:58:47
(epstopdf)                    size: 41949 bytes
(epstopdf)             Command: <repstopdf --outfile=output/fig15-eps-converted-to.pdf output/fig15.eps>
(epstopdf)             \includegraphics on input line 1095.
Package epstopdf Info: Output file is already uptodate.
<output/fig15-eps-converted-to.pdf, id=827, 1024.82875pt x 484.81125pt>
File: output/fig15-eps-converted-to.pdf Graphic file (type pdf)
<use output/fig15-eps-converted-to.pdf>
Package pdftex.def Info: output/fig15-eps-converted-to.pdf  used on input line 1095.
(pdftex.def)             Requested size: 238.25458pt x 180.67932pt.
Package epstopdf Info: Source file: <output/fig16.eps>
(epstopdf)                    date: 2024-02-07 16:58:47
(epstopdf)                    size: 367367 bytes
(epstopdf)             Output file: <output/fig16-eps-converted-to.pdf>
(epstopdf)                    date: 2024-02-07 16:58:47
(epstopdf)                    size: 55946 bytes
(epstopdf)             Command: <repstopdf --outfile=output/fig16-eps-converted-to.pdf output/fig16.eps>
(epstopdf)             \includegraphics on input line 1130.
Package epstopdf Info: Output file is already uptodate.
<output/fig16-eps-converted-to.pdf, id=832, 1018.80624pt x 722.7pt>
File: output/fig16-eps-converted-to.pdf Graphic file (type pdf)
<use output/fig16-eps-converted-to.pdf>
Package pdftex.def Info: output/fig16-eps-converted-to.pdf  used on input line 1130.
(pdftex.def)             Requested size: 238.25357pt x 180.67455pt.


LaTeX Warning: `h' float specifier changed to `ht'.

[11 <./output/fig15-eps-converted-to.pdf>]
Package epstopdf Info: Source file: <output/fig17.eps>
(epstopdf)                    date: 2024-02-07 16:58:47
(epstopdf)                    size: 797503 bytes
(epstopdf)             Output file: <output/fig17-eps-converted-to.pdf>
(epstopdf)                    date: 2024-02-07 16:58:47
(epstopdf)                    size: 50801 bytes
(epstopdf)             Command: <repstopdf --outfile=output/fig17-eps-converted-to.pdf output/fig17.eps>
(epstopdf)             \includegraphics on input line 1205.
Package epstopdf Info: Output file is already uptodate.
<output/fig17-eps-converted-to.pdf, id=881, 894.34125pt x 693.59125pt>
File: output/fig17-eps-converted-to.pdf Graphic file (type pdf)
<use output/fig17-eps-converted-to.pdf>
Package pdftex.def Info: output/fig17-eps-converted-to.pdf  used on input line 1205.
(pdftex.def)             Requested size: 238.25478pt x 180.66814pt.
 [12 <./output/fig16-eps-converted-to.pdf> <./output/fig17-eps-converted-to.pdf>]
Package epstopdf Info: Source file: <output/fig18.eps>
(epstopdf)                    date: 2024-02-07 16:58:47
(epstopdf)                    size: 2552523 bytes
(epstopdf)             Output file: <output/fig18-eps-converted-to.pdf>
(epstopdf)                    date: 2024-02-07 16:58:47
(epstopdf)                    size: 84183 bytes
(epstopdf)             Command: <repstopdf --outfile=output/fig18-eps-converted-to.pdf output/fig18.eps>
(epstopdf)             \includegraphics on input line 1293.
Package epstopdf Info: Output file is already uptodate.
<output/fig18-eps-converted-to.pdf, id=937, 921.4425pt x 638.385pt>
File: output/fig18-eps-converted-to.pdf Graphic file (type pdf)
<use output/fig18-eps-converted-to.pdf>
Package pdftex.def Info: output/fig18-eps-converted-to.pdf  used on input line 1293.
(pdftex.def)             Requested size: 238.24776pt x 180.67528pt.
 [13 <./output/fig18-eps-converted-to.pdf>]
Package epstopdf Info: Source file: <output/fig19.eps>
(epstopdf)                    date: 2024-02-07 16:58:47
(epstopdf)                    size: 272772 bytes
(epstopdf)             Output file: <output/fig19-eps-converted-to.pdf>
(epstopdf)                    date: 2024-02-07 16:58:47
(epstopdf)                    size: 24869 bytes
(epstopdf)             Command: <repstopdf --outfile=output/fig19-eps-converted-to.pdf output/fig19.eps>
(epstopdf)             \includegraphics on input line 1409.
Package epstopdf Info: Output file is already uptodate.
<output/fig19-eps-converted-to.pdf, id=993, 915.42pt x 533.995pt>
File: output/fig19-eps-converted-to.pdf Graphic file (type pdf)
<use output/fig19-eps-converted-to.pdf>
Package pdftex.def Info: output/fig19-eps-converted-to.pdf  used on input line 1409.
(pdftex.def)             Requested size: 238.255pt x 180.6759pt.
 [14 <./output/fig19-eps-converted-to.pdf>] [15]
Package epstopdf Info: Source file: <output/fig20.eps>
(epstopdf)                    date: 2024-02-07 16:58:47
(epstopdf)                    size: 263043 bytes
(epstopdf)             Output file: <output/fig20-eps-converted-to.pdf>
(epstopdf)                    date: 2024-02-07 16:58:47
(epstopdf)                    size: 19745 bytes
(epstopdf)             Command: <repstopdf --outfile=output/fig20-eps-converted-to.pdf output/fig20.eps>
(epstopdf)             \includegraphics on input line 1609.
Package epstopdf Info: Output file is already uptodate.
<output/fig20-eps-converted-to.pdf, id=1035, 963.6pt x 542.025pt>
File: output/fig20-eps-converted-to.pdf Graphic file (type pdf)
<use output/fig20-eps-converted-to.pdf>
Package pdftex.def Info: output/fig20-eps-converted-to.pdf  used on input line 1609.
(pdftex.def)             Requested size: 494.5025pt x 252.9405pt.
Package epstopdf Info: Source file: <output/fig21.eps>
(epstopdf)                    date: 2024-02-07 16:58:47
(epstopdf)                    size: 373356 bytes
(epstopdf)             Output file: <output/fig21-eps-converted-to.pdf>
(epstopdf)                    date: 2024-02-07 16:58:47
(epstopdf)                    size: 54504 bytes
(epstopdf)             Command: <repstopdf --outfile=output/fig21-eps-converted-to.pdf output/fig21.eps>
(epstopdf)             \includegraphics on input line 1641.
Package epstopdf Info: Output file is already uptodate.
<output/fig21-eps-converted-to.pdf, id=1040, 737.75626pt x 248.93pt>
File: output/fig21-eps-converted-to.pdf Graphic file (type pdf)
<use output/fig21-eps-converted-to.pdf>
Package pdftex.def Info: output/fig21-eps-converted-to.pdf  used on input line 1641.
(pdftex.def)             Requested size: 238.24821pt x 72.27141pt.


LaTeX Warning: `h' float specifier changed to `ht'.

[16]
Overfull \hbox (8.73044pt too wide) in paragraph at lines 1750--1770
 [][] 
 []

[17 <./output/fig20-eps-converted-to.pdf> <./output/fig21-eps-converted-to.pdf>]
LaTeX Font Info:    Font shape `T1/zi4/m/n' will be
(Font)              scaled to size 8.50006pt on input line 1850.
 (./cas-dc-template.bbl
Underfull \hbox (badness 2229) in paragraph at lines 70--80
\T1/stix/m/n/8 H., Samek, W., 2022.  Adap-tive dif-fer-en-tial fil-ters for fast and
 []


Underfull \hbox (badness 1953) in paragraph at lines 70--80
\T1/stix/m/n/8 communication-efficient fed-er-ated learn-ing, in: Pro-ceed-ings of the
 []

[18]
Underfull \hbox (badness 3000) in paragraph at lines 154--160
[]\T1/stix/m/n/8 Dai, Y., Li, S., 2023.  Chameleon: Adapt-ing to peer im-ages for
 []


Underfull \hbox (badness 1303) in paragraph at lines 154--160
\T1/stix/m/n/8 plant-ing durable back-doors in fed-er-ated learn-ing.  arXiv preprint
 []


Underfull \hbox (badness 1210) in paragraph at lines 411--419
\T1/stix/m/n/8 Ren, X., Aves-timehr, S., 2021.  Fednlp: A re-search plat-form for
 []

[19]
Underfull \hbox (badness 1107) in paragraph at lines 589--599
[]\T1/stix/m/n/8 Rodríguez-Barroso, N., Jiménez-López, D., Luzón, M.V., Her-rera, F.,
 []

[20]) [21

] (./cas-dc-template.aux)
Package rerunfilecheck Info: File `cas-dc-template.out' has not changed.
(rerunfilecheck)             Checksum: D41D8CD98F00B204E9800998ECF8427E;0.
 ) 
Here is how much of TeX's memory you used:
 17691 strings out of 478268
 273753 string characters out of 5850346
 585079 words of memory out of 5000000
 35386 multiletter control sequences out of 15000+600000
 579812 words of font info for 179 fonts, out of 8000000 for 9000
 1141 hyphenation exceptions out of 8191
 75i,17n,93p,828b,657s stack positions out of 10000i,1000n,20000p,200000b,200000s
{f:/texlive/2022/texmf-dist/fonts/enc/dvips/cm-super/cm-super-ts1.enc}{f:/texlive/2022/texmf-dist/fonts/enc/dvips/cm-super/cm-super-t1.enc}{f:/texlive/2022/texmf-dist/fonts/enc/dvips/inconsolata/i4-t1-0.enc}{f:/texlive/2022/texmf-dist/fonts/enc/dvips/stix/stix-t1.enc}<f:/texlive/2022/texmf-dist/fonts/type1/public/inconsolata/Inconsolata-zi4r.pfb><f:/texlive/2022/texmf-dist/fonts/type1/public/stix/STIXGeneral-Bold.pfb><f:/texlive/2022/texmf-dist/fonts/type1/public/stix/STIXGeneral-Italic.pfb><f:/texlive/2022/texmf-dist/fonts/type1/public/stix/STIXGeneral-Regular.pfb><f:/texlive/2022/texmf-dist/fonts/type1/public/cm-super/sfss0700.pfb><f:/texlive/2022/texmf-dist/fonts/type1/public/cm-super/sfss0900.pfb><f:/texlive/2022/texmf-dist/fonts/type1/public/cm-super/sfsx0700.pfb><f:/texlive/2022/texmf-dist/fonts/type1/public/cm-super/sfsx0900.pfb><f:/texlive/2022/texmf-dist/fonts/type1/public/stix/stix-mathcal.pfb><f:/texlive/2022/texmf-dist/fonts/type1/public/stix/stix-mathex.pfb><f:/texlive/2022/texmf-dist/fonts/type1/public/stix/stix-mathit.pfb><f:/texlive/2022/texmf-dist/fonts/type1/public/stix/stix-mathrm.pfb><f:/texlive/2022/texmf-dist/fonts/type1/public/stix/stix-mathscr.pfb>
Output written on cas-dc-template.pdf (21 pages, 6501388 bytes).
PDF statistics:
 1267 PDF objects out of 1440 (max. 8388607)
 989 compressed objects within 10 object streams
 192 named destinations out of 1000 (max. 500000)
 111 words of extra memory for PDF output out of 10000 (max. 10000000)

